[22:36:35] src/tree/updater_prune.cc:74: tree pruning end, 1 roots, 30 extra nodes, 0 pruned nodes, max_depth=4
[0]	train-auc:0.799146	eval-auc:0.788068
Multiple eval metrics have been passed: 'eval-auc' will be used for early stopping.

Will train until eval-auc hasn't improved in 10 rounds.
[22:36:38] src/tree/updater_prune.cc:74: tree pruning end, 1 roots, 30 extra nodes, 0 pruned nodes, max_depth=4
[1]	train-auc:0.802555	eval-auc:0.792712
[22:36:41] src/tree/updater_prune.cc:74: tree pruning end, 1 roots, 30 extra nodes, 0 pruned nodes, max_depth=4
[2]	train-auc:0.804775	eval-auc:0.794274
[22:36:44] src/tree/updater_prune.cc:74: tree pruning end, 1 roots, 30 extra nodes, 0 pruned nodes, max_depth=4
[3]	train-auc:0.804744	eval-auc:0.794277
[22:36:47] src/tree/updater_prune.cc:74: tree pruning end, 1 roots, 30 extra nodes, 0 pruned nodes, max_depth=4
[4]	train-auc:0.804393	eval-auc:0.794225
[22:36:50] src/tree/updater_prune.cc:74: tree pruning end, 1 roots, 30 extra nodes, 0 pruned nodes, max_depth=4
[5]	train-auc:0.805478	eval-auc:0.795382
[22:36:53] src/tree/updater_prune.cc:74: tree pruning end, 1 roots, 30 extra nodes, 0 pruned nodes, max_depth=4
[6]	train-auc:0.812183	eval-auc:0.802451
[22:36:56] src/tree/updater_prune.cc:74: tree pruning end, 1 roots, 30 extra nodes, 0 pruned nodes, max_depth=4
[7]	train-auc:0.813076	eval-auc:0.803302
[22:36:59] src/tree/updater_prune.cc:74: tree pruning end, 1 roots, 30 extra nodes, 0 pruned nodes, max_depth=4
[8]	train-auc:0.813594	eval-auc:0.803825
[22:37:03] src/tree/updater_prune.cc:74: tree pruning end, 1 roots, 30 extra nodes, 0 pruned nodes, max_depth=4
[9]	train-auc:0.814547	eval-auc:0.804846
[22:37:06] src/tree/updater_prune.cc:74: tree pruning end, 1 roots, 30 extra nodes, 0 pruned nodes, max_depth=4
[10]	train-auc:0.814806	eval-auc:0.805086
[22:37:09] src/tree/updater_prune.cc:74: tree pruning end, 1 roots, 30 extra nodes, 0 pruned nodes, max_depth=4
[11]	train-auc:0.815434	eval-auc:0.805904
[22:37:12] src/tree/updater_prune.cc:74: tree pruning end, 1 roots, 30 extra nodes, 0 pruned nodes, max_depth=4
[12]	train-auc:0.8161	eval-auc:0.806653
[22:37:15] src/tree/updater_prune.cc:74: tree pruning end, 1 roots, 30 extra nodes, 0 pruned nodes, max_depth=4
[13]	train-auc:0.81663	eval-auc:0.807281
[22:37:18] src/tree/updater_prune.cc:74: tree pruning end, 1 roots, 30 extra nodes, 0 pruned nodes, max_depth=4
[14]	train-auc:0.816904	eval-auc:0.807581
[22:37:21] src/tree/updater_prune.cc:74: tree pruning end, 1 roots, 30 extra nodes, 0 pruned nodes, max_depth=4
[15]	train-auc:0.817781	eval-auc:0.80848
[22:37:24] src/tree/updater_prune.cc:74: tree pruning end, 1 roots, 30 extra nodes, 0 pruned nodes, max_depth=4
[16]	train-auc:0.818375	eval-auc:0.809063
[22:37:27] src/tree/updater_prune.cc:74: tree pruning end, 1 roots, 30 extra nodes, 0 pruned nodes, max_depth=4
[17]	train-auc:0.81912	eval-auc:0.80989
[22:37:31] src/tree/updater_prune.cc:74: tree pruning end, 1 roots, 30 extra nodes, 0 pruned nodes, max_depth=4
[18]	train-auc:0.819133	eval-auc:0.809897
[22:37:34] src/tree/updater_prune.cc:74: tree pruning end, 1 roots, 30 extra nodes, 0 pruned nodes, max_depth=4
[19]	train-auc:0.819633	eval-auc:0.810433
[22:37:37] src/tree/updater_prune.cc:74: tree pruning end, 1 roots, 30 extra nodes, 0 pruned nodes, max_depth=4
[20]	train-auc:0.82006	eval-auc:0.810769
[22:37:40] src/tree/updater_prune.cc:74: tree pruning end, 1 roots, 30 extra nodes, 0 pruned nodes, max_depth=4
[21]	train-auc:0.820206	eval-auc:0.811056
[22:37:43] src/tree/updater_prune.cc:74: tree pruning end, 1 roots, 30 extra nodes, 0 pruned nodes, max_depth=4
[22]	train-auc:0.820699	eval-auc:0.811421
[22:37:46] src/tree/updater_prune.cc:74: tree pruning end, 1 roots, 30 extra nodes, 0 pruned nodes, max_depth=4
[23]	train-auc:0.820775	eval-auc:0.811604
[22:37:49] src/tree/updater_prune.cc:74: tree pruning end, 1 roots, 30 extra nodes, 0 pruned nodes, max_depth=4
[24]	train-auc:0.820946	eval-auc:0.811774
[22:37:52] src/tree/updater_prune.cc:74: tree pruning end, 1 roots, 30 extra nodes, 0 pruned nodes, max_depth=4
[25]	train-auc:0.821234	eval-auc:0.811985
[22:37:55] src/tree/updater_prune.cc:74: tree pruning end, 1 roots, 30 extra nodes, 0 pruned nodes, max_depth=4
[26]	train-auc:0.821865	eval-auc:0.812715
[22:37:58] src/tree/updater_prune.cc:74: tree pruning end, 1 roots, 30 extra nodes, 0 pruned nodes, max_depth=4
[27]	train-auc:0.822198	eval-auc:0.813178
[22:38:02] src/tree/updater_prune.cc:74: tree pruning end, 1 roots, 30 extra nodes, 0 pruned nodes, max_depth=4
[28]	train-auc:0.822419	eval-auc:0.813399
[22:38:05] src/tree/updater_prune.cc:74: tree pruning end, 1 roots, 30 extra nodes, 0 pruned nodes, max_depth=4
[29]	train-auc:0.822912	eval-auc:0.8138
[22:38:08] src/tree/updater_prune.cc:74: tree pruning end, 1 roots, 30 extra nodes, 0 pruned nodes, max_depth=4
[30]	train-auc:0.823125	eval-auc:0.813953
[22:38:11] src/tree/updater_prune.cc:74: tree pruning end, 1 roots, 30 extra nodes, 0 pruned nodes, max_depth=4
[31]	train-auc:0.823238	eval-auc:0.814098
[22:38:14] src/tree/updater_prune.cc:74: tree pruning end, 1 roots, 30 extra nodes, 0 pruned nodes, max_depth=4
[32]	train-auc:0.823313	eval-auc:0.81411
[22:38:17] src/tree/updater_prune.cc:74: tree pruning end, 1 roots, 30 extra nodes, 0 pruned nodes, max_depth=4
[33]	train-auc:0.823466	eval-auc:0.814309
[22:38:20] src/tree/updater_prune.cc:74: tree pruning end, 1 roots, 30 extra nodes, 0 pruned nodes, max_depth=4
[34]	train-auc:0.823704	eval-auc:0.81464
[22:38:23] src/tree/updater_prune.cc:74: tree pruning end, 1 roots, 30 extra nodes, 0 pruned nodes, max_depth=4
[35]	train-auc:0.82383	eval-auc:0.814732
[22:38:27] src/tree/updater_prune.cc:74: tree pruning end, 1 roots, 30 extra nodes, 0 pruned nodes, max_depth=4
[36]	train-auc:0.824026	eval-auc:0.814971
[22:38:30] src/tree/updater_prune.cc:74: tree pruning end, 1 roots, 30 extra nodes, 0 pruned nodes, max_depth=4
[37]	train-auc:0.824154	eval-auc:0.815001
[22:38:33] src/tree/updater_prune.cc:74: tree pruning end, 1 roots, 30 extra nodes, 0 pruned nodes, max_depth=4
[38]	train-auc:0.824364	eval-auc:0.8152
[22:38:36] src/tree/updater_prune.cc:74: tree pruning end, 1 roots, 30 extra nodes, 0 pruned nodes, max_depth=4
[39]	train-auc:0.824497	eval-auc:0.815324
[22:38:39] src/tree/updater_prune.cc:74: tree pruning end, 1 roots, 30 extra nodes, 0 pruned nodes, max_depth=4
[40]	train-auc:0.824653	eval-auc:0.815412
[22:38:42] src/tree/updater_prune.cc:74: tree pruning end, 1 roots, 30 extra nodes, 0 pruned nodes, max_depth=4
[41]	train-auc:0.825269	eval-auc:0.816068
[22:38:45] src/tree/updater_prune.cc:74: tree pruning end, 1 roots, 30 extra nodes, 0 pruned nodes, max_depth=4
[42]	train-auc:0.825457	eval-auc:0.81622
[22:38:48] src/tree/updater_prune.cc:74: tree pruning end, 1 roots, 30 extra nodes, 0 pruned nodes, max_depth=4
[43]	train-auc:0.825618	eval-auc:0.816338
[22:38:51] src/tree/updater_prune.cc:74: tree pruning end, 1 roots, 30 extra nodes, 0 pruned nodes, max_depth=4
[44]	train-auc:0.825775	eval-auc:0.816474
[22:38:54] src/tree/updater_prune.cc:74: tree pruning end, 1 roots, 30 extra nodes, 0 pruned nodes, max_depth=4
[45]	train-auc:0.826251	eval-auc:0.817186
[22:38:58] src/tree/updater_prune.cc:74: tree pruning end, 1 roots, 30 extra nodes, 0 pruned nodes, max_depth=4
[46]	train-auc:0.826384	eval-auc:0.817313
[22:39:01] src/tree/updater_prune.cc:74: tree pruning end, 1 roots, 30 extra nodes, 0 pruned nodes, max_depth=4
[47]	train-auc:0.826743	eval-auc:0.817781
[22:39:04] src/tree/updater_prune.cc:74: tree pruning end, 1 roots, 30 extra nodes, 0 pruned nodes, max_depth=4
[48]	train-auc:0.826795	eval-auc:0.817778
[22:39:07] src/tree/updater_prune.cc:74: tree pruning end, 1 roots, 30 extra nodes, 0 pruned nodes, max_depth=4
[49]	train-auc:0.827146	eval-auc:0.818164
[22:39:10] src/tree/updater_prune.cc:74: tree pruning end, 1 roots, 30 extra nodes, 0 pruned nodes, max_depth=4
[50]	train-auc:0.827349	eval-auc:0.818353
[22:39:13] src/tree/updater_prune.cc:74: tree pruning end, 1 roots, 30 extra nodes, 0 pruned nodes, max_depth=4
[51]	train-auc:0.82762	eval-auc:0.818595
[22:39:16] src/tree/updater_prune.cc:74: tree pruning end, 1 roots, 30 extra nodes, 0 pruned nodes, max_depth=4
[52]	train-auc:0.827911	eval-auc:0.818909
[22:39:19] src/tree/updater_prune.cc:74: tree pruning end, 1 roots, 30 extra nodes, 0 pruned nodes, max_depth=4
[53]	train-auc:0.828188	eval-auc:0.819229
[22:39:22] src/tree/updater_prune.cc:74: tree pruning end, 1 roots, 30 extra nodes, 0 pruned nodes, max_depth=4
[54]	train-auc:0.828339	eval-auc:0.8194
[22:39:26] src/tree/updater_prune.cc:74: tree pruning end, 1 roots, 30 extra nodes, 0 pruned nodes, max_depth=4
[55]	train-auc:0.828518	eval-auc:0.819538
[22:39:29] src/tree/updater_prune.cc:74: tree pruning end, 1 roots, 30 extra nodes, 0 pruned nodes, max_depth=4
[56]	train-auc:0.82894	eval-auc:0.820015
[22:39:32] src/tree/updater_prune.cc:74: tree pruning end, 1 roots, 30 extra nodes, 0 pruned nodes, max_depth=4
[57]	train-auc:0.82915	eval-auc:0.82021
[22:39:35] src/tree/updater_prune.cc:74: tree pruning end, 1 roots, 30 extra nodes, 0 pruned nodes, max_depth=4
[58]	train-auc:0.829325	eval-auc:0.820361
[22:39:38] src/tree/updater_prune.cc:74: tree pruning end, 1 roots, 30 extra nodes, 0 pruned nodes, max_depth=4
[59]	train-auc:0.829758	eval-auc:0.820811
[22:39:41] src/tree/updater_prune.cc:74: tree pruning end, 1 roots, 30 extra nodes, 0 pruned nodes, max_depth=4
[60]	train-auc:0.829994	eval-auc:0.821043
[22:39:44] src/tree/updater_prune.cc:74: tree pruning end, 1 roots, 30 extra nodes, 0 pruned nodes, max_depth=4
[61]	train-auc:0.830123	eval-auc:0.82114
[22:39:47] src/tree/updater_prune.cc:74: tree pruning end, 1 roots, 30 extra nodes, 0 pruned nodes, max_depth=4
[62]	train-auc:0.830322	eval-auc:0.821326
[22:39:50] src/tree/updater_prune.cc:74: tree pruning end, 1 roots, 30 extra nodes, 0 pruned nodes, max_depth=4
[63]	train-auc:0.830508	eval-auc:0.821449
[22:39:53] src/tree/updater_prune.cc:74: tree pruning end, 1 roots, 30 extra nodes, 0 pruned nodes, max_depth=4
[64]	train-auc:0.830654	eval-auc:0.821608
[22:39:57] src/tree/updater_prune.cc:74: tree pruning end, 1 roots, 30 extra nodes, 0 pruned nodes, max_depth=4
[65]	train-auc:0.830804	eval-auc:0.821741
[22:40:00] src/tree/updater_prune.cc:74: tree pruning end, 1 roots, 30 extra nodes, 0 pruned nodes, max_depth=4
[66]	train-auc:0.83099	eval-auc:0.821896
[22:40:03] src/tree/updater_prune.cc:74: tree pruning end, 1 roots, 30 extra nodes, 0 pruned nodes, max_depth=4
[67]	train-auc:0.831137	eval-auc:0.822058
[22:40:06] src/tree/updater_prune.cc:74: tree pruning end, 1 roots, 30 extra nodes, 0 pruned nodes, max_depth=4
[68]	train-auc:0.83126	eval-auc:0.822177
[22:40:09] src/tree/updater_prune.cc:74: tree pruning end, 1 roots, 30 extra nodes, 0 pruned nodes, max_depth=4
[69]	train-auc:0.83135	eval-auc:0.822245
[22:40:12] src/tree/updater_prune.cc:74: tree pruning end, 1 roots, 30 extra nodes, 0 pruned nodes, max_depth=4
[70]	train-auc:0.831475	eval-auc:0.822381
[22:40:15] src/tree/updater_prune.cc:74: tree pruning end, 1 roots, 30 extra nodes, 0 pruned nodes, max_depth=4
[71]	train-auc:0.831675	eval-auc:0.822566
[22:40:18] src/tree/updater_prune.cc:74: tree pruning end, 1 roots, 30 extra nodes, 0 pruned nodes, max_depth=4
[72]	train-auc:0.831809	eval-auc:0.822679
[22:40:21] src/tree/updater_prune.cc:74: tree pruning end, 1 roots, 30 extra nodes, 0 pruned nodes, max_depth=4
[73]	train-auc:0.831971	eval-auc:0.822821
[22:40:25] src/tree/updater_prune.cc:74: tree pruning end, 1 roots, 30 extra nodes, 0 pruned nodes, max_depth=4
[74]	train-auc:0.832109	eval-auc:0.822974
[22:40:28] src/tree/updater_prune.cc:74: tree pruning end, 1 roots, 30 extra nodes, 0 pruned nodes, max_depth=4
[75]	train-auc:0.832231	eval-auc:0.823057
[22:40:31] src/tree/updater_prune.cc:74: tree pruning end, 1 roots, 30 extra nodes, 0 pruned nodes, max_depth=4
[76]	train-auc:0.832331	eval-auc:0.823171
[22:40:34] src/tree/updater_prune.cc:74: tree pruning end, 1 roots, 30 extra nodes, 0 pruned nodes, max_depth=4
[77]	train-auc:0.832465	eval-auc:0.823325
[22:40:37] src/tree/updater_prune.cc:74: tree pruning end, 1 roots, 30 extra nodes, 0 pruned nodes, max_depth=4
[78]	train-auc:0.832611	eval-auc:0.823446
[22:40:40] src/tree/updater_prune.cc:74: tree pruning end, 1 roots, 30 extra nodes, 0 pruned nodes, max_depth=4
[79]	train-auc:0.832716	eval-auc:0.823527
[22:40:43] src/tree/updater_prune.cc:74: tree pruning end, 1 roots, 30 extra nodes, 0 pruned nodes, max_depth=4
[80]	train-auc:0.832823	eval-auc:0.82365
[22:40:46] src/tree/updater_prune.cc:74: tree pruning end, 1 roots, 30 extra nodes, 0 pruned nodes, max_depth=4
[81]	train-auc:0.832957	eval-auc:0.823754
[22:40:49] src/tree/updater_prune.cc:74: tree pruning end, 1 roots, 30 extra nodes, 0 pruned nodes, max_depth=4
[82]	train-auc:0.833149	eval-auc:0.823937
[22:40:52] src/tree/updater_prune.cc:74: tree pruning end, 1 roots, 30 extra nodes, 0 pruned nodes, max_depth=4
[83]	train-auc:0.833274	eval-auc:0.824073
[22:40:56] src/tree/updater_prune.cc:74: tree pruning end, 1 roots, 30 extra nodes, 0 pruned nodes, max_depth=4
[84]	train-auc:0.833395	eval-auc:0.824208
[22:40:59] src/tree/updater_prune.cc:74: tree pruning end, 1 roots, 30 extra nodes, 0 pruned nodes, max_depth=4
[85]	train-auc:0.83352	eval-auc:0.824308
[22:41:02] src/tree/updater_prune.cc:74: tree pruning end, 1 roots, 30 extra nodes, 0 pruned nodes, max_depth=4
[86]	train-auc:0.833674	eval-auc:0.824471
[22:41:05] src/tree/updater_prune.cc:74: tree pruning end, 1 roots, 30 extra nodes, 0 pruned nodes, max_depth=4
[87]	train-auc:0.833827	eval-auc:0.824606
[22:41:08] src/tree/updater_prune.cc:74: tree pruning end, 1 roots, 30 extra nodes, 0 pruned nodes, max_depth=4
[88]	train-auc:0.833982	eval-auc:0.824743
[22:41:11] src/tree/updater_prune.cc:74: tree pruning end, 1 roots, 30 extra nodes, 0 pruned nodes, max_depth=4
[89]	train-auc:0.834089	eval-auc:0.824838
[22:41:14] src/tree/updater_prune.cc:74: tree pruning end, 1 roots, 30 extra nodes, 0 pruned nodes, max_depth=4
[90]	train-auc:0.8342	eval-auc:0.824916
[22:41:17] src/tree/updater_prune.cc:74: tree pruning end, 1 roots, 30 extra nodes, 0 pruned nodes, max_depth=4
[91]	train-auc:0.834296	eval-auc:0.824992
[22:41:20] src/tree/updater_prune.cc:74: tree pruning end, 1 roots, 30 extra nodes, 0 pruned nodes, max_depth=4
[92]	train-auc:0.834414	eval-auc:0.825112
[22:41:24] src/tree/updater_prune.cc:74: tree pruning end, 1 roots, 30 extra nodes, 0 pruned nodes, max_depth=4
[93]	train-auc:0.834545	eval-auc:0.825234
[22:41:27] src/tree/updater_prune.cc:74: tree pruning end, 1 roots, 30 extra nodes, 0 pruned nodes, max_depth=4
[94]	train-auc:0.834706	eval-auc:0.82538
[22:41:30] src/tree/updater_prune.cc:74: tree pruning end, 1 roots, 30 extra nodes, 0 pruned nodes, max_depth=4
[95]	train-auc:0.834851	eval-auc:0.825507
[22:41:33] src/tree/updater_prune.cc:74: tree pruning end, 1 roots, 30 extra nodes, 0 pruned nodes, max_depth=4
[96]	train-auc:0.834959	eval-auc:0.825628
[22:41:36] src/tree/updater_prune.cc:74: tree pruning end, 1 roots, 30 extra nodes, 0 pruned nodes, max_depth=4
[97]	train-auc:0.835095	eval-auc:0.825752
[22:41:39] src/tree/updater_prune.cc:74: tree pruning end, 1 roots, 30 extra nodes, 0 pruned nodes, max_depth=4
[98]	train-auc:0.835232	eval-auc:0.825899
[22:41:42] src/tree/updater_prune.cc:74: tree pruning end, 1 roots, 30 extra nodes, 0 pruned nodes, max_depth=4
[99]	train-auc:0.835297	eval-auc:0.825954
[22:41:45] src/tree/updater_prune.cc:74: tree pruning end, 1 roots, 30 extra nodes, 0 pruned nodes, max_depth=4
[100]	train-auc:0.835397	eval-auc:0.826064
[22:41:48] src/tree/updater_prune.cc:74: tree pruning end, 1 roots, 30 extra nodes, 0 pruned nodes, max_depth=4
[101]	train-auc:0.83556	eval-auc:0.826228
[22:41:51] src/tree/updater_prune.cc:74: tree pruning end, 1 roots, 30 extra nodes, 0 pruned nodes, max_depth=4
[102]	train-auc:0.835681	eval-auc:0.82634
[22:41:54] src/tree/updater_prune.cc:74: tree pruning end, 1 roots, 30 extra nodes, 0 pruned nodes, max_depth=4
[103]	train-auc:0.835787	eval-auc:0.826425
[22:41:58] src/tree/updater_prune.cc:74: tree pruning end, 1 roots, 30 extra nodes, 0 pruned nodes, max_depth=4
[104]	train-auc:0.835929	eval-auc:0.826579
[22:42:01] src/tree/updater_prune.cc:74: tree pruning end, 1 roots, 30 extra nodes, 0 pruned nodes, max_depth=4
[105]	train-auc:0.836062	eval-auc:0.826697
[22:42:04] src/tree/updater_prune.cc:74: tree pruning end, 1 roots, 30 extra nodes, 0 pruned nodes, max_depth=4
[106]	train-auc:0.836205	eval-auc:0.826821
[22:42:07] src/tree/updater_prune.cc:74: tree pruning end, 1 roots, 30 extra nodes, 0 pruned nodes, max_depth=4
[107]	train-auc:0.836346	eval-auc:0.826937
[22:42:10] src/tree/updater_prune.cc:74: tree pruning end, 1 roots, 30 extra nodes, 0 pruned nodes, max_depth=4
[108]	train-auc:0.836489	eval-auc:0.827087
[22:42:13] src/tree/updater_prune.cc:74: tree pruning end, 1 roots, 30 extra nodes, 0 pruned nodes, max_depth=4
[109]	train-auc:0.836637	eval-auc:0.827227
[22:42:16] src/tree/updater_prune.cc:74: tree pruning end, 1 roots, 30 extra nodes, 0 pruned nodes, max_depth=4
[110]	train-auc:0.836738	eval-auc:0.827314
[22:42:19] src/tree/updater_prune.cc:74: tree pruning end, 1 roots, 30 extra nodes, 0 pruned nodes, max_depth=4
[111]	train-auc:0.836934	eval-auc:0.827498
[22:42:22] src/tree/updater_prune.cc:74: tree pruning end, 1 roots, 30 extra nodes, 0 pruned nodes, max_depth=4
[112]	train-auc:0.837049	eval-auc:0.827606
[22:42:26] src/tree/updater_prune.cc:74: tree pruning end, 1 roots, 30 extra nodes, 0 pruned nodes, max_depth=4
[113]	train-auc:0.837158	eval-auc:0.8277
[22:42:29] src/tree/updater_prune.cc:74: tree pruning end, 1 roots, 30 extra nodes, 0 pruned nodes, max_depth=4
[114]	train-auc:0.837296	eval-auc:0.827806
[22:42:32] src/tree/updater_prune.cc:74: tree pruning end, 1 roots, 30 extra nodes, 0 pruned nodes, max_depth=4
[115]	train-auc:0.837403	eval-auc:0.827905
[22:42:35] src/tree/updater_prune.cc:74: tree pruning end, 1 roots, 30 extra nodes, 0 pruned nodes, max_depth=4
[116]	train-auc:0.837497	eval-auc:0.827983
[22:42:38] src/tree/updater_prune.cc:74: tree pruning end, 1 roots, 30 extra nodes, 0 pruned nodes, max_depth=4
[117]	train-auc:0.837666	eval-auc:0.828153
[22:42:41] src/tree/updater_prune.cc:74: tree pruning end, 1 roots, 30 extra nodes, 0 pruned nodes, max_depth=4
[118]	train-auc:0.837774	eval-auc:0.82823
[22:42:44] src/tree/updater_prune.cc:74: tree pruning end, 1 roots, 30 extra nodes, 0 pruned nodes, max_depth=4
[119]	train-auc:0.837887	eval-auc:0.828341
[22:42:47] src/tree/updater_prune.cc:74: tree pruning end, 1 roots, 30 extra nodes, 0 pruned nodes, max_depth=4
[120]	train-auc:0.837986	eval-auc:0.828445
[22:42:50] src/tree/updater_prune.cc:74: tree pruning end, 1 roots, 30 extra nodes, 0 pruned nodes, max_depth=4
[121]	train-auc:0.838107	eval-auc:0.828569
[22:42:53] src/tree/updater_prune.cc:74: tree pruning end, 1 roots, 30 extra nodes, 0 pruned nodes, max_depth=4
[122]	train-auc:0.838265	eval-auc:0.828725
[22:42:57] src/tree/updater_prune.cc:74: tree pruning end, 1 roots, 30 extra nodes, 0 pruned nodes, max_depth=4
[123]	train-auc:0.838353	eval-auc:0.828778
[22:43:00] src/tree/updater_prune.cc:74: tree pruning end, 1 roots, 30 extra nodes, 0 pruned nodes, max_depth=4
[124]	train-auc:0.838505	eval-auc:0.828944
[22:43:03] src/tree/updater_prune.cc:74: tree pruning end, 1 roots, 30 extra nodes, 0 pruned nodes, max_depth=4
[125]	train-auc:0.838585	eval-auc:0.829021
[22:43:06] src/tree/updater_prune.cc:74: tree pruning end, 1 roots, 30 extra nodes, 0 pruned nodes, max_depth=4
[126]	train-auc:0.838682	eval-auc:0.829092
[22:43:09] src/tree/updater_prune.cc:74: tree pruning end, 1 roots, 30 extra nodes, 0 pruned nodes, max_depth=4
[127]	train-auc:0.838822	eval-auc:0.829204
[22:43:12] src/tree/updater_prune.cc:74: tree pruning end, 1 roots, 30 extra nodes, 0 pruned nodes, max_depth=4
[128]	train-auc:0.838932	eval-auc:0.829307
[22:43:15] src/tree/updater_prune.cc:74: tree pruning end, 1 roots, 30 extra nodes, 0 pruned nodes, max_depth=4
[129]	train-auc:0.839018	eval-auc:0.82939
[22:43:18] src/tree/updater_prune.cc:74: tree pruning end, 1 roots, 30 extra nodes, 0 pruned nodes, max_depth=4
[130]	train-auc:0.839149	eval-auc:0.829532
[22:43:21] src/tree/updater_prune.cc:74: tree pruning end, 1 roots, 30 extra nodes, 0 pruned nodes, max_depth=4
[131]	train-auc:0.839312	eval-auc:0.829659
[22:43:25] src/tree/updater_prune.cc:74: tree pruning end, 1 roots, 30 extra nodes, 0 pruned nodes, max_depth=4
[132]	train-auc:0.839429	eval-auc:0.829776
[22:43:28] src/tree/updater_prune.cc:74: tree pruning end, 1 roots, 30 extra nodes, 0 pruned nodes, max_depth=4
[133]	train-auc:0.839523	eval-auc:0.829853
[22:43:31] src/tree/updater_prune.cc:74: tree pruning end, 1 roots, 30 extra nodes, 0 pruned nodes, max_depth=4
[134]	train-auc:0.839661	eval-auc:0.830007
[22:43:34] src/tree/updater_prune.cc:74: tree pruning end, 1 roots, 30 extra nodes, 0 pruned nodes, max_depth=4
[135]	train-auc:0.839781	eval-auc:0.830131
[22:43:37] src/tree/updater_prune.cc:74: tree pruning end, 1 roots, 30 extra nodes, 0 pruned nodes, max_depth=4
[136]	train-auc:0.839848	eval-auc:0.830184
[22:43:40] src/tree/updater_prune.cc:74: tree pruning end, 1 roots, 30 extra nodes, 0 pruned nodes, max_depth=4
[137]	train-auc:0.839932	eval-auc:0.830287
[22:43:43] src/tree/updater_prune.cc:74: tree pruning end, 1 roots, 30 extra nodes, 0 pruned nodes, max_depth=4
[138]	train-auc:0.840087	eval-auc:0.830417
[22:43:46] src/tree/updater_prune.cc:74: tree pruning end, 1 roots, 30 extra nodes, 0 pruned nodes, max_depth=4
[139]	train-auc:0.840185	eval-auc:0.830497
[22:43:49] src/tree/updater_prune.cc:74: tree pruning end, 1 roots, 30 extra nodes, 0 pruned nodes, max_depth=4
[140]	train-auc:0.840336	eval-auc:0.830673
[22:43:52] src/tree/updater_prune.cc:74: tree pruning end, 1 roots, 30 extra nodes, 0 pruned nodes, max_depth=4
[141]	train-auc:0.84042	eval-auc:0.830729
[22:43:56] src/tree/updater_prune.cc:74: tree pruning end, 1 roots, 30 extra nodes, 0 pruned nodes, max_depth=4
[142]	train-auc:0.84055	eval-auc:0.830839
[22:43:59] src/tree/updater_prune.cc:74: tree pruning end, 1 roots, 30 extra nodes, 0 pruned nodes, max_depth=4
[143]	train-auc:0.840652	eval-auc:0.830936
[22:44:02] src/tree/updater_prune.cc:74: tree pruning end, 1 roots, 30 extra nodes, 0 pruned nodes, max_depth=4
[144]	train-auc:0.840787	eval-auc:0.831084
[22:44:05] src/tree/updater_prune.cc:74: tree pruning end, 1 roots, 30 extra nodes, 0 pruned nodes, max_depth=4
[145]	train-auc:0.840849	eval-auc:0.831136
[22:44:08] src/tree/updater_prune.cc:74: tree pruning end, 1 roots, 30 extra nodes, 0 pruned nodes, max_depth=4
[146]	train-auc:0.841006	eval-auc:0.831261
[22:44:12] src/tree/updater_prune.cc:74: tree pruning end, 1 roots, 30 extra nodes, 0 pruned nodes, max_depth=4
[147]	train-auc:0.841162	eval-auc:0.831375
[22:44:15] src/tree/updater_prune.cc:74: tree pruning end, 1 roots, 30 extra nodes, 0 pruned nodes, max_depth=4
[148]	train-auc:0.841236	eval-auc:0.831437
[22:44:18] src/tree/updater_prune.cc:74: tree pruning end, 1 roots, 30 extra nodes, 0 pruned nodes, max_depth=4
[149]	train-auc:0.841379	eval-auc:0.831599
[22:44:21] src/tree/updater_prune.cc:74: tree pruning end, 1 roots, 30 extra nodes, 0 pruned nodes, max_depth=4
[150]	train-auc:0.841527	eval-auc:0.831712
[22:44:24] src/tree/updater_prune.cc:74: tree pruning end, 1 roots, 30 extra nodes, 0 pruned nodes, max_depth=4
[151]	train-auc:0.84162	eval-auc:0.831793
[22:44:27] src/tree/updater_prune.cc:74: tree pruning end, 1 roots, 30 extra nodes, 0 pruned nodes, max_depth=4
[152]	train-auc:0.841716	eval-auc:0.83188
[22:44:30] src/tree/updater_prune.cc:74: tree pruning end, 1 roots, 30 extra nodes, 0 pruned nodes, max_depth=4
[153]	train-auc:0.841805	eval-auc:0.831963
[22:44:34] src/tree/updater_prune.cc:74: tree pruning end, 1 roots, 30 extra nodes, 0 pruned nodes, max_depth=4
[154]	train-auc:0.841955	eval-auc:0.83209
[22:44:37] src/tree/updater_prune.cc:74: tree pruning end, 1 roots, 30 extra nodes, 0 pruned nodes, max_depth=4
[155]	train-auc:0.842108	eval-auc:0.832224
[22:44:40] src/tree/updater_prune.cc:74: tree pruning end, 1 roots, 30 extra nodes, 0 pruned nodes, max_depth=4
[156]	train-auc:0.84217	eval-auc:0.832278
[22:44:43] src/tree/updater_prune.cc:74: tree pruning end, 1 roots, 30 extra nodes, 0 pruned nodes, max_depth=4
[157]	train-auc:0.842273	eval-auc:0.832385
[22:44:46] src/tree/updater_prune.cc:74: tree pruning end, 1 roots, 30 extra nodes, 0 pruned nodes, max_depth=4
[158]	train-auc:0.842385	eval-auc:0.832503
[22:44:49] src/tree/updater_prune.cc:74: tree pruning end, 1 roots, 30 extra nodes, 0 pruned nodes, max_depth=4
[159]	train-auc:0.842512	eval-auc:0.832633
[22:44:52] src/tree/updater_prune.cc:74: tree pruning end, 1 roots, 30 extra nodes, 0 pruned nodes, max_depth=4
[160]	train-auc:0.842586	eval-auc:0.832685
[22:44:55] src/tree/updater_prune.cc:74: tree pruning end, 1 roots, 30 extra nodes, 0 pruned nodes, max_depth=4
[161]	train-auc:0.842686	eval-auc:0.832773
[22:44:58] src/tree/updater_prune.cc:74: tree pruning end, 1 roots, 30 extra nodes, 0 pruned nodes, max_depth=4
[162]	train-auc:0.84278	eval-auc:0.832873
[22:45:01] src/tree/updater_prune.cc:74: tree pruning end, 1 roots, 30 extra nodes, 0 pruned nodes, max_depth=4
[163]	train-auc:0.842876	eval-auc:0.832969
[22:45:05] src/tree/updater_prune.cc:74: tree pruning end, 1 roots, 30 extra nodes, 0 pruned nodes, max_depth=4
[164]	train-auc:0.842931	eval-auc:0.833027
[22:45:08] src/tree/updater_prune.cc:74: tree pruning end, 1 roots, 30 extra nodes, 0 pruned nodes, max_depth=4
[165]	train-auc:0.843051	eval-auc:0.833136
[22:45:11] src/tree/updater_prune.cc:74: tree pruning end, 1 roots, 30 extra nodes, 0 pruned nodes, max_depth=4
[166]	train-auc:0.843173	eval-auc:0.833266
[22:45:14] src/tree/updater_prune.cc:74: tree pruning end, 1 roots, 30 extra nodes, 0 pruned nodes, max_depth=4
[167]	train-auc:0.843292	eval-auc:0.833371
[22:45:17] src/tree/updater_prune.cc:74: tree pruning end, 1 roots, 30 extra nodes, 0 pruned nodes, max_depth=4
[168]	train-auc:0.843415	eval-auc:0.833478
[22:45:20] src/tree/updater_prune.cc:74: tree pruning end, 1 roots, 30 extra nodes, 0 pruned nodes, max_depth=4
[169]	train-auc:0.843478	eval-auc:0.833534
[22:45:23] src/tree/updater_prune.cc:74: tree pruning end, 1 roots, 30 extra nodes, 0 pruned nodes, max_depth=4
[170]	train-auc:0.843612	eval-auc:0.833653
[22:45:26] src/tree/updater_prune.cc:74: tree pruning end, 1 roots, 30 extra nodes, 0 pruned nodes, max_depth=4
[171]	train-auc:0.843712	eval-auc:0.833743
[22:45:29] src/tree/updater_prune.cc:74: tree pruning end, 1 roots, 30 extra nodes, 0 pruned nodes, max_depth=4
[172]	train-auc:0.843831	eval-auc:0.833843
[22:45:33] src/tree/updater_prune.cc:74: tree pruning end, 1 roots, 30 extra nodes, 0 pruned nodes, max_depth=4
[173]	train-auc:0.843953	eval-auc:0.833959
[22:45:36] src/tree/updater_prune.cc:74: tree pruning end, 1 roots, 30 extra nodes, 0 pruned nodes, max_depth=4
[174]	train-auc:0.844066	eval-auc:0.834054
[22:45:39] src/tree/updater_prune.cc:74: tree pruning end, 1 roots, 30 extra nodes, 0 pruned nodes, max_depth=4
[175]	train-auc:0.844173	eval-auc:0.83416
[22:45:42] src/tree/updater_prune.cc:74: tree pruning end, 1 roots, 30 extra nodes, 0 pruned nodes, max_depth=4
[176]	train-auc:0.844276	eval-auc:0.834273
[22:45:45] src/tree/updater_prune.cc:74: tree pruning end, 1 roots, 30 extra nodes, 0 pruned nodes, max_depth=4
[177]	train-auc:0.844388	eval-auc:0.834376
[22:45:48] src/tree/updater_prune.cc:74: tree pruning end, 1 roots, 30 extra nodes, 0 pruned nodes, max_depth=4
[178]	train-auc:0.844476	eval-auc:0.83444
[22:45:51] src/tree/updater_prune.cc:74: tree pruning end, 1 roots, 30 extra nodes, 0 pruned nodes, max_depth=4
[179]	train-auc:0.844623	eval-auc:0.834578
[22:45:54] src/tree/updater_prune.cc:74: tree pruning end, 1 roots, 30 extra nodes, 0 pruned nodes, max_depth=4
[180]	train-auc:0.844722	eval-auc:0.834687
[22:45:58] src/tree/updater_prune.cc:74: tree pruning end, 1 roots, 30 extra nodes, 0 pruned nodes, max_depth=4
[181]	train-auc:0.844832	eval-auc:0.834781
[22:46:01] src/tree/updater_prune.cc:74: tree pruning end, 1 roots, 30 extra nodes, 0 pruned nodes, max_depth=4
[182]	train-auc:0.844945	eval-auc:0.834874
[22:46:04] src/tree/updater_prune.cc:74: tree pruning end, 1 roots, 30 extra nodes, 0 pruned nodes, max_depth=4
[183]	train-auc:0.845052	eval-auc:0.834981
[22:46:07] src/tree/updater_prune.cc:74: tree pruning end, 1 roots, 30 extra nodes, 0 pruned nodes, max_depth=4
[184]	train-auc:0.845128	eval-auc:0.835049
[22:46:10] src/tree/updater_prune.cc:74: tree pruning end, 1 roots, 30 extra nodes, 0 pruned nodes, max_depth=4
[185]	train-auc:0.845229	eval-auc:0.835152
[22:46:14] src/tree/updater_prune.cc:74: tree pruning end, 1 roots, 30 extra nodes, 0 pruned nodes, max_depth=4
[186]	train-auc:0.845334	eval-auc:0.835264
[22:46:17] src/tree/updater_prune.cc:74: tree pruning end, 1 roots, 30 extra nodes, 0 pruned nodes, max_depth=4
[187]	train-auc:0.845436	eval-auc:0.835366
[22:46:20] src/tree/updater_prune.cc:74: tree pruning end, 1 roots, 30 extra nodes, 0 pruned nodes, max_depth=4
[188]	train-auc:0.845543	eval-auc:0.835481
[22:46:23] src/tree/updater_prune.cc:74: tree pruning end, 1 roots, 30 extra nodes, 0 pruned nodes, max_depth=4
[189]	train-auc:0.845663	eval-auc:0.835585
[22:46:26] src/tree/updater_prune.cc:74: tree pruning end, 1 roots, 30 extra nodes, 0 pruned nodes, max_depth=4
[190]	train-auc:0.845764	eval-auc:0.835662
[22:46:29] src/tree/updater_prune.cc:74: tree pruning end, 1 roots, 30 extra nodes, 0 pruned nodes, max_depth=4
[191]	train-auc:0.845893	eval-auc:0.835797
[22:46:32] src/tree/updater_prune.cc:74: tree pruning end, 1 roots, 30 extra nodes, 0 pruned nodes, max_depth=4
[192]	train-auc:0.84602	eval-auc:0.835919
[22:46:35] src/tree/updater_prune.cc:74: tree pruning end, 1 roots, 30 extra nodes, 0 pruned nodes, max_depth=4
[193]	train-auc:0.846116	eval-auc:0.836003
[22:46:38] src/tree/updater_prune.cc:74: tree pruning end, 1 roots, 30 extra nodes, 0 pruned nodes, max_depth=4
[194]	train-auc:0.846218	eval-auc:0.836093
[22:46:42] src/tree/updater_prune.cc:74: tree pruning end, 1 roots, 30 extra nodes, 0 pruned nodes, max_depth=4
[195]	train-auc:0.846308	eval-auc:0.836183
[22:46:45] src/tree/updater_prune.cc:74: tree pruning end, 1 roots, 30 extra nodes, 0 pruned nodes, max_depth=4
[196]	train-auc:0.846376	eval-auc:0.836244
[22:46:48] src/tree/updater_prune.cc:74: tree pruning end, 1 roots, 30 extra nodes, 0 pruned nodes, max_depth=4
[197]	train-auc:0.846488	eval-auc:0.83634
[22:46:51] src/tree/updater_prune.cc:74: tree pruning end, 1 roots, 30 extra nodes, 0 pruned nodes, max_depth=4
[198]	train-auc:0.846572	eval-auc:0.83641
[22:46:54] src/tree/updater_prune.cc:74: tree pruning end, 1 roots, 30 extra nodes, 0 pruned nodes, max_depth=4
[199]	train-auc:0.846689	eval-auc:0.836537
[22:46:57] src/tree/updater_prune.cc:74: tree pruning end, 1 roots, 30 extra nodes, 0 pruned nodes, max_depth=4
[200]	train-auc:0.846799	eval-auc:0.836637
[22:47:00] src/tree/updater_prune.cc:74: tree pruning end, 1 roots, 30 extra nodes, 0 pruned nodes, max_depth=4
[201]	train-auc:0.846894	eval-auc:0.836717
[22:47:03] src/tree/updater_prune.cc:74: tree pruning end, 1 roots, 30 extra nodes, 0 pruned nodes, max_depth=4
[202]	train-auc:0.846996	eval-auc:0.836801
[22:47:07] src/tree/updater_prune.cc:74: tree pruning end, 1 roots, 30 extra nodes, 0 pruned nodes, max_depth=4
[203]	train-auc:0.847056	eval-auc:0.836873
[22:47:10] src/tree/updater_prune.cc:74: tree pruning end, 1 roots, 30 extra nodes, 0 pruned nodes, max_depth=4
[204]	train-auc:0.847168	eval-auc:0.836978
[22:47:13] src/tree/updater_prune.cc:74: tree pruning end, 1 roots, 30 extra nodes, 0 pruned nodes, max_depth=4
[205]	train-auc:0.847275	eval-auc:0.837082
[22:47:16] src/tree/updater_prune.cc:74: tree pruning end, 1 roots, 30 extra nodes, 0 pruned nodes, max_depth=4
[206]	train-auc:0.847386	eval-auc:0.837206
[22:47:19] src/tree/updater_prune.cc:74: tree pruning end, 1 roots, 30 extra nodes, 0 pruned nodes, max_depth=4
[207]	train-auc:0.847474	eval-auc:0.837289
[22:47:22] src/tree/updater_prune.cc:74: tree pruning end, 1 roots, 30 extra nodes, 0 pruned nodes, max_depth=4
[208]	train-auc:0.847579	eval-auc:0.837387
[22:47:25] src/tree/updater_prune.cc:74: tree pruning end, 1 roots, 30 extra nodes, 0 pruned nodes, max_depth=4
[209]	train-auc:0.847667	eval-auc:0.837458
[22:47:28] src/tree/updater_prune.cc:74: tree pruning end, 1 roots, 30 extra nodes, 0 pruned nodes, max_depth=4
[210]	train-auc:0.847755	eval-auc:0.837545
[22:47:32] src/tree/updater_prune.cc:74: tree pruning end, 1 roots, 30 extra nodes, 0 pruned nodes, max_depth=4
[211]	train-auc:0.847848	eval-auc:0.837614
[22:47:35] src/tree/updater_prune.cc:74: tree pruning end, 1 roots, 30 extra nodes, 0 pruned nodes, max_depth=4
[212]	train-auc:0.847957	eval-auc:0.837723
[22:47:38] src/tree/updater_prune.cc:74: tree pruning end, 1 roots, 30 extra nodes, 0 pruned nodes, max_depth=4
[213]	train-auc:0.848049	eval-auc:0.837796
[22:47:41] src/tree/updater_prune.cc:74: tree pruning end, 1 roots, 30 extra nodes, 0 pruned nodes, max_depth=4
[214]	train-auc:0.84815	eval-auc:0.837891
[22:47:44] src/tree/updater_prune.cc:74: tree pruning end, 1 roots, 30 extra nodes, 0 pruned nodes, max_depth=4
[215]	train-auc:0.84823	eval-auc:0.837977
[22:47:47] src/tree/updater_prune.cc:74: tree pruning end, 1 roots, 30 extra nodes, 0 pruned nodes, max_depth=4
[216]	train-auc:0.848325	eval-auc:0.83807
[22:47:50] src/tree/updater_prune.cc:74: tree pruning end, 1 roots, 30 extra nodes, 0 pruned nodes, max_depth=4
[217]	train-auc:0.848425	eval-auc:0.838186
[22:47:53] src/tree/updater_prune.cc:74: tree pruning end, 1 roots, 30 extra nodes, 0 pruned nodes, max_depth=4
[218]	train-auc:0.84852	eval-auc:0.838268
[22:47:56] src/tree/updater_prune.cc:74: tree pruning end, 1 roots, 30 extra nodes, 0 pruned nodes, max_depth=4
[219]	train-auc:0.848605	eval-auc:0.838335
[22:47:59] src/tree/updater_prune.cc:74: tree pruning end, 1 roots, 30 extra nodes, 0 pruned nodes, max_depth=4
[220]	train-auc:0.848687	eval-auc:0.83841
[22:48:03] src/tree/updater_prune.cc:74: tree pruning end, 1 roots, 30 extra nodes, 0 pruned nodes, max_depth=4
[221]	train-auc:0.848779	eval-auc:0.838497
[22:48:06] src/tree/updater_prune.cc:74: tree pruning end, 1 roots, 30 extra nodes, 0 pruned nodes, max_depth=4
[222]	train-auc:0.848857	eval-auc:0.838552
[22:48:09] src/tree/updater_prune.cc:74: tree pruning end, 1 roots, 30 extra nodes, 0 pruned nodes, max_depth=4
[223]	train-auc:0.848949	eval-auc:0.838635
[22:48:12] src/tree/updater_prune.cc:74: tree pruning end, 1 roots, 30 extra nodes, 0 pruned nodes, max_depth=4
[224]	train-auc:0.849016	eval-auc:0.838705
[22:48:15] src/tree/updater_prune.cc:74: tree pruning end, 1 roots, 30 extra nodes, 0 pruned nodes, max_depth=4
[225]	train-auc:0.849089	eval-auc:0.838762
[22:48:18] src/tree/updater_prune.cc:74: tree pruning end, 1 roots, 30 extra nodes, 0 pruned nodes, max_depth=4
[226]	train-auc:0.849176	eval-auc:0.838845
[22:48:21] src/tree/updater_prune.cc:74: tree pruning end, 1 roots, 30 extra nodes, 0 pruned nodes, max_depth=4
[227]	train-auc:0.849259	eval-auc:0.838921
[22:48:24] src/tree/updater_prune.cc:74: tree pruning end, 1 roots, 30 extra nodes, 0 pruned nodes, max_depth=4
[228]	train-auc:0.849341	eval-auc:0.838999
[22:48:27] src/tree/updater_prune.cc:74: tree pruning end, 1 roots, 30 extra nodes, 0 pruned nodes, max_depth=4
[229]	train-auc:0.849422	eval-auc:0.839085
[22:48:31] src/tree/updater_prune.cc:74: tree pruning end, 1 roots, 30 extra nodes, 0 pruned nodes, max_depth=4
[230]	train-auc:0.849526	eval-auc:0.839191
[22:48:34] src/tree/updater_prune.cc:74: tree pruning end, 1 roots, 30 extra nodes, 0 pruned nodes, max_depth=4
[231]	train-auc:0.849607	eval-auc:0.839257
[22:48:37] src/tree/updater_prune.cc:74: tree pruning end, 1 roots, 30 extra nodes, 0 pruned nodes, max_depth=4
[232]	train-auc:0.849689	eval-auc:0.839347
[22:48:40] src/tree/updater_prune.cc:74: tree pruning end, 1 roots, 30 extra nodes, 0 pruned nodes, max_depth=4
[233]	train-auc:0.849757	eval-auc:0.83942
[22:48:43] src/tree/updater_prune.cc:74: tree pruning end, 1 roots, 30 extra nodes, 0 pruned nodes, max_depth=4
[234]	train-auc:0.849839	eval-auc:0.839488
[22:48:46] src/tree/updater_prune.cc:74: tree pruning end, 1 roots, 30 extra nodes, 0 pruned nodes, max_depth=4
[235]	train-auc:0.849917	eval-auc:0.839556
[22:48:49] src/tree/updater_prune.cc:74: tree pruning end, 1 roots, 30 extra nodes, 0 pruned nodes, max_depth=4
[236]	train-auc:0.84998	eval-auc:0.83962
[22:48:52] src/tree/updater_prune.cc:74: tree pruning end, 1 roots, 30 extra nodes, 0 pruned nodes, max_depth=4
[237]	train-auc:0.850063	eval-auc:0.839716
[22:48:55] src/tree/updater_prune.cc:74: tree pruning end, 1 roots, 30 extra nodes, 0 pruned nodes, max_depth=4
[238]	train-auc:0.850144	eval-auc:0.8398
[22:48:58] src/tree/updater_prune.cc:74: tree pruning end, 1 roots, 30 extra nodes, 0 pruned nodes, max_depth=4
[239]	train-auc:0.850218	eval-auc:0.839867
[22:49:01] src/tree/updater_prune.cc:74: tree pruning end, 1 roots, 30 extra nodes, 0 pruned nodes, max_depth=4
[240]	train-auc:0.850318	eval-auc:0.83997
[22:49:05] src/tree/updater_prune.cc:74: tree pruning end, 1 roots, 30 extra nodes, 0 pruned nodes, max_depth=4
[241]	train-auc:0.850396	eval-auc:0.840047
[22:49:08] src/tree/updater_prune.cc:74: tree pruning end, 1 roots, 30 extra nodes, 0 pruned nodes, max_depth=4
[242]	train-auc:0.850473	eval-auc:0.840115
[22:49:11] src/tree/updater_prune.cc:74: tree pruning end, 1 roots, 30 extra nodes, 0 pruned nodes, max_depth=4
[243]	train-auc:0.850565	eval-auc:0.84021
[22:49:14] src/tree/updater_prune.cc:74: tree pruning end, 1 roots, 30 extra nodes, 0 pruned nodes, max_depth=4
[244]	train-auc:0.850658	eval-auc:0.8403
[22:49:17] src/tree/updater_prune.cc:74: tree pruning end, 1 roots, 30 extra nodes, 0 pruned nodes, max_depth=4
[245]	train-auc:0.850758	eval-auc:0.840374
[22:49:20] src/tree/updater_prune.cc:74: tree pruning end, 1 roots, 30 extra nodes, 0 pruned nodes, max_depth=4
[246]	train-auc:0.850845	eval-auc:0.840463
[22:49:23] src/tree/updater_prune.cc:74: tree pruning end, 1 roots, 30 extra nodes, 0 pruned nodes, max_depth=4
[247]	train-auc:0.850941	eval-auc:0.840559
[22:49:27] src/tree/updater_prune.cc:74: tree pruning end, 1 roots, 30 extra nodes, 0 pruned nodes, max_depth=4
[248]	train-auc:0.851032	eval-auc:0.840647
[22:49:30] src/tree/updater_prune.cc:74: tree pruning end, 1 roots, 30 extra nodes, 0 pruned nodes, max_depth=4
[249]	train-auc:0.851127	eval-auc:0.840719
[22:49:33] src/tree/updater_prune.cc:74: tree pruning end, 1 roots, 30 extra nodes, 0 pruned nodes, max_depth=4
[250]	train-auc:0.851233	eval-auc:0.840823
[22:49:36] src/tree/updater_prune.cc:74: tree pruning end, 1 roots, 30 extra nodes, 0 pruned nodes, max_depth=4
[251]	train-auc:0.851326	eval-auc:0.840912
[22:49:39] src/tree/updater_prune.cc:74: tree pruning end, 1 roots, 30 extra nodes, 0 pruned nodes, max_depth=4
[252]	train-auc:0.851398	eval-auc:0.840989
[22:49:43] src/tree/updater_prune.cc:74: tree pruning end, 1 roots, 30 extra nodes, 0 pruned nodes, max_depth=4
[253]	train-auc:0.851488	eval-auc:0.841053
[22:49:46] src/tree/updater_prune.cc:74: tree pruning end, 1 roots, 30 extra nodes, 0 pruned nodes, max_depth=4
[254]	train-auc:0.851573	eval-auc:0.84114
[22:49:49] src/tree/updater_prune.cc:74: tree pruning end, 1 roots, 30 extra nodes, 0 pruned nodes, max_depth=4
[255]	train-auc:0.851654	eval-auc:0.84122
[22:49:52] src/tree/updater_prune.cc:74: tree pruning end, 1 roots, 30 extra nodes, 0 pruned nodes, max_depth=4
[256]	train-auc:0.851756	eval-auc:0.84132
[22:49:55] src/tree/updater_prune.cc:74: tree pruning end, 1 roots, 30 extra nodes, 0 pruned nodes, max_depth=4
[257]	train-auc:0.851834	eval-auc:0.841381
[22:49:59] src/tree/updater_prune.cc:74: tree pruning end, 1 roots, 30 extra nodes, 0 pruned nodes, max_depth=4
[258]	train-auc:0.85192	eval-auc:0.841461
[22:50:02] src/tree/updater_prune.cc:74: tree pruning end, 1 roots, 30 extra nodes, 0 pruned nodes, max_depth=4
[259]	train-auc:0.852028	eval-auc:0.841549
[22:50:05] src/tree/updater_prune.cc:74: tree pruning end, 1 roots, 30 extra nodes, 0 pruned nodes, max_depth=4
[260]	train-auc:0.852101	eval-auc:0.841631
[22:50:08] src/tree/updater_prune.cc:74: tree pruning end, 1 roots, 30 extra nodes, 0 pruned nodes, max_depth=4
[261]	train-auc:0.852169	eval-auc:0.841684
[22:50:12] src/tree/updater_prune.cc:74: tree pruning end, 1 roots, 30 extra nodes, 0 pruned nodes, max_depth=4
[262]	train-auc:0.852233	eval-auc:0.841741
[22:50:15] src/tree/updater_prune.cc:74: tree pruning end, 1 roots, 30 extra nodes, 0 pruned nodes, max_depth=4
[263]	train-auc:0.852318	eval-auc:0.841814
[22:50:18] src/tree/updater_prune.cc:74: tree pruning end, 1 roots, 30 extra nodes, 0 pruned nodes, max_depth=4
[264]	train-auc:0.8524	eval-auc:0.841897
[22:50:21] src/tree/updater_prune.cc:74: tree pruning end, 1 roots, 30 extra nodes, 0 pruned nodes, max_depth=4
[265]	train-auc:0.85248	eval-auc:0.841964
[22:50:24] src/tree/updater_prune.cc:74: tree pruning end, 1 roots, 30 extra nodes, 0 pruned nodes, max_depth=4
[266]	train-auc:0.852561	eval-auc:0.84203
[22:50:28] src/tree/updater_prune.cc:74: tree pruning end, 1 roots, 30 extra nodes, 0 pruned nodes, max_depth=4
[267]	train-auc:0.852651	eval-auc:0.842116
[22:50:31] src/tree/updater_prune.cc:74: tree pruning end, 1 roots, 30 extra nodes, 0 pruned nodes, max_depth=4
[268]	train-auc:0.852714	eval-auc:0.842162
[22:50:34] src/tree/updater_prune.cc:74: tree pruning end, 1 roots, 30 extra nodes, 0 pruned nodes, max_depth=4
[269]	train-auc:0.85281	eval-auc:0.842267
[22:50:37] src/tree/updater_prune.cc:74: tree pruning end, 1 roots, 30 extra nodes, 0 pruned nodes, max_depth=4
[270]	train-auc:0.852884	eval-auc:0.842345
[22:50:40] src/tree/updater_prune.cc:74: tree pruning end, 1 roots, 30 extra nodes, 0 pruned nodes, max_depth=4
[271]	train-auc:0.852982	eval-auc:0.84242
[22:50:44] src/tree/updater_prune.cc:74: tree pruning end, 1 roots, 30 extra nodes, 0 pruned nodes, max_depth=4
[272]	train-auc:0.853041	eval-auc:0.842472
[22:50:47] src/tree/updater_prune.cc:74: tree pruning end, 1 roots, 30 extra nodes, 0 pruned nodes, max_depth=4
[273]	train-auc:0.853132	eval-auc:0.842554
[22:50:50] src/tree/updater_prune.cc:74: tree pruning end, 1 roots, 30 extra nodes, 0 pruned nodes, max_depth=4
[274]	train-auc:0.853192	eval-auc:0.842615
[22:50:53] src/tree/updater_prune.cc:74: tree pruning end, 1 roots, 30 extra nodes, 0 pruned nodes, max_depth=4
[275]	train-auc:0.853278	eval-auc:0.842676
[22:50:56] src/tree/updater_prune.cc:74: tree pruning end, 1 roots, 30 extra nodes, 0 pruned nodes, max_depth=4
[276]	train-auc:0.853339	eval-auc:0.842732
[22:51:00] src/tree/updater_prune.cc:74: tree pruning end, 1 roots, 30 extra nodes, 0 pruned nodes, max_depth=4
[277]	train-auc:0.853416	eval-auc:0.842813
[22:51:03] src/tree/updater_prune.cc:74: tree pruning end, 1 roots, 30 extra nodes, 0 pruned nodes, max_depth=4
[278]	train-auc:0.853474	eval-auc:0.842871
[22:51:06] src/tree/updater_prune.cc:74: tree pruning end, 1 roots, 30 extra nodes, 0 pruned nodes, max_depth=4
[279]	train-auc:0.85356	eval-auc:0.842947
[22:51:09] src/tree/updater_prune.cc:74: tree pruning end, 1 roots, 30 extra nodes, 0 pruned nodes, max_depth=4
[280]	train-auc:0.853641	eval-auc:0.843008
[22:51:12] src/tree/updater_prune.cc:74: tree pruning end, 1 roots, 30 extra nodes, 0 pruned nodes, max_depth=4
[281]	train-auc:0.853736	eval-auc:0.843089
[22:51:16] src/tree/updater_prune.cc:74: tree pruning end, 1 roots, 30 extra nodes, 0 pruned nodes, max_depth=4
[282]	train-auc:0.853804	eval-auc:0.843147
[22:51:19] src/tree/updater_prune.cc:74: tree pruning end, 1 roots, 30 extra nodes, 0 pruned nodes, max_depth=4
[283]	train-auc:0.853886	eval-auc:0.843219
[22:51:22] src/tree/updater_prune.cc:74: tree pruning end, 1 roots, 30 extra nodes, 0 pruned nodes, max_depth=4
[284]	train-auc:0.853944	eval-auc:0.843273
[22:51:25] src/tree/updater_prune.cc:74: tree pruning end, 1 roots, 30 extra nodes, 0 pruned nodes, max_depth=4
[285]	train-auc:0.854022	eval-auc:0.843339
[22:51:28] src/tree/updater_prune.cc:74: tree pruning end, 1 roots, 30 extra nodes, 0 pruned nodes, max_depth=4
[286]	train-auc:0.854098	eval-auc:0.843409
[22:51:32] src/tree/updater_prune.cc:74: tree pruning end, 1 roots, 30 extra nodes, 0 pruned nodes, max_depth=4
[287]	train-auc:0.854158	eval-auc:0.843469
[22:51:35] src/tree/updater_prune.cc:74: tree pruning end, 1 roots, 30 extra nodes, 0 pruned nodes, max_depth=4
[288]	train-auc:0.854225	eval-auc:0.843532
[22:51:38] src/tree/updater_prune.cc:74: tree pruning end, 1 roots, 30 extra nodes, 0 pruned nodes, max_depth=4
[289]	train-auc:0.8543	eval-auc:0.843605
[22:51:41] src/tree/updater_prune.cc:74: tree pruning end, 1 roots, 30 extra nodes, 0 pruned nodes, max_depth=4
[290]	train-auc:0.854365	eval-auc:0.84366
[22:51:44] src/tree/updater_prune.cc:74: tree pruning end, 1 roots, 30 extra nodes, 0 pruned nodes, max_depth=4
[291]	train-auc:0.854442	eval-auc:0.843738
[22:51:48] src/tree/updater_prune.cc:74: tree pruning end, 1 roots, 30 extra nodes, 0 pruned nodes, max_depth=4
[292]	train-auc:0.85453	eval-auc:0.843816
[22:51:51] src/tree/updater_prune.cc:74: tree pruning end, 1 roots, 30 extra nodes, 0 pruned nodes, max_depth=4
[293]	train-auc:0.854594	eval-auc:0.843867
[22:51:54] src/tree/updater_prune.cc:74: tree pruning end, 1 roots, 30 extra nodes, 0 pruned nodes, max_depth=4
[294]	train-auc:0.85467	eval-auc:0.843934
[22:51:57] src/tree/updater_prune.cc:74: tree pruning end, 1 roots, 30 extra nodes, 0 pruned nodes, max_depth=4
[295]	train-auc:0.854744	eval-auc:0.843996
[22:52:00] src/tree/updater_prune.cc:74: tree pruning end, 1 roots, 30 extra nodes, 0 pruned nodes, max_depth=4
[296]	train-auc:0.854798	eval-auc:0.844045
[22:52:04] src/tree/updater_prune.cc:74: tree pruning end, 1 roots, 30 extra nodes, 0 pruned nodes, max_depth=4
[297]	train-auc:0.854854	eval-auc:0.844099
[22:52:07] src/tree/updater_prune.cc:74: tree pruning end, 1 roots, 30 extra nodes, 0 pruned nodes, max_depth=4
[298]	train-auc:0.854924	eval-auc:0.844163
[22:52:10] src/tree/updater_prune.cc:74: tree pruning end, 1 roots, 30 extra nodes, 0 pruned nodes, max_depth=4
[299]	train-auc:0.854994	eval-auc:0.844228
[22:52:13] src/tree/updater_prune.cc:74: tree pruning end, 1 roots, 30 extra nodes, 0 pruned nodes, max_depth=4
[300]	train-auc:0.855057	eval-auc:0.844294
[22:52:17] src/tree/updater_prune.cc:74: tree pruning end, 1 roots, 30 extra nodes, 0 pruned nodes, max_depth=4
[301]	train-auc:0.855123	eval-auc:0.844348
[22:52:20] src/tree/updater_prune.cc:74: tree pruning end, 1 roots, 30 extra nodes, 0 pruned nodes, max_depth=4
[302]	train-auc:0.855199	eval-auc:0.844426
[22:52:23] src/tree/updater_prune.cc:74: tree pruning end, 1 roots, 30 extra nodes, 0 pruned nodes, max_depth=4
[303]	train-auc:0.85527	eval-auc:0.844487
[22:52:26] src/tree/updater_prune.cc:74: tree pruning end, 1 roots, 30 extra nodes, 0 pruned nodes, max_depth=4
[304]	train-auc:0.855313	eval-auc:0.844529
[22:52:29] src/tree/updater_prune.cc:74: tree pruning end, 1 roots, 30 extra nodes, 0 pruned nodes, max_depth=4
[305]	train-auc:0.855411	eval-auc:0.844608
[22:52:33] src/tree/updater_prune.cc:74: tree pruning end, 1 roots, 30 extra nodes, 0 pruned nodes, max_depth=4
[306]	train-auc:0.855475	eval-auc:0.844668
[22:52:36] src/tree/updater_prune.cc:74: tree pruning end, 1 roots, 30 extra nodes, 0 pruned nodes, max_depth=4
[307]	train-auc:0.855534	eval-auc:0.844723
[22:52:39] src/tree/updater_prune.cc:74: tree pruning end, 1 roots, 30 extra nodes, 0 pruned nodes, max_depth=4
[308]	train-auc:0.855607	eval-auc:0.844795
[22:52:42] src/tree/updater_prune.cc:74: tree pruning end, 1 roots, 30 extra nodes, 0 pruned nodes, max_depth=4
[309]	train-auc:0.855668	eval-auc:0.844838
[22:52:46] src/tree/updater_prune.cc:74: tree pruning end, 1 roots, 30 extra nodes, 0 pruned nodes, max_depth=4
[310]	train-auc:0.855741	eval-auc:0.844916
[22:52:49] src/tree/updater_prune.cc:74: tree pruning end, 1 roots, 30 extra nodes, 0 pruned nodes, max_depth=4
[311]	train-auc:0.855788	eval-auc:0.84496
[22:52:52] src/tree/updater_prune.cc:74: tree pruning end, 1 roots, 30 extra nodes, 0 pruned nodes, max_depth=4
[312]	train-auc:0.855857	eval-auc:0.845016
[22:52:55] src/tree/updater_prune.cc:74: tree pruning end, 1 roots, 30 extra nodes, 0 pruned nodes, max_depth=4
[313]	train-auc:0.855947	eval-auc:0.845088
[22:52:58] src/tree/updater_prune.cc:74: tree pruning end, 1 roots, 30 extra nodes, 0 pruned nodes, max_depth=4
[314]	train-auc:0.856016	eval-auc:0.845156
[22:53:01] src/tree/updater_prune.cc:74: tree pruning end, 1 roots, 30 extra nodes, 0 pruned nodes, max_depth=4
[315]	train-auc:0.856075	eval-auc:0.845207
[22:53:05] src/tree/updater_prune.cc:74: tree pruning end, 1 roots, 30 extra nodes, 0 pruned nodes, max_depth=4
[316]	train-auc:0.856133	eval-auc:0.845246
[22:53:08] src/tree/updater_prune.cc:74: tree pruning end, 1 roots, 30 extra nodes, 0 pruned nodes, max_depth=4
[317]	train-auc:0.856198	eval-auc:0.845298
[22:53:11] src/tree/updater_prune.cc:74: tree pruning end, 1 roots, 30 extra nodes, 0 pruned nodes, max_depth=4
[318]	train-auc:0.85624	eval-auc:0.845337
[22:53:14] src/tree/updater_prune.cc:74: tree pruning end, 1 roots, 30 extra nodes, 0 pruned nodes, max_depth=4
[319]	train-auc:0.856311	eval-auc:0.845413
[22:53:18] src/tree/updater_prune.cc:74: tree pruning end, 1 roots, 30 extra nodes, 0 pruned nodes, max_depth=4
[320]	train-auc:0.856379	eval-auc:0.845462
[22:53:21] src/tree/updater_prune.cc:74: tree pruning end, 1 roots, 30 extra nodes, 0 pruned nodes, max_depth=4
[321]	train-auc:0.856437	eval-auc:0.845515
[22:53:24] src/tree/updater_prune.cc:74: tree pruning end, 1 roots, 30 extra nodes, 0 pruned nodes, max_depth=4
[322]	train-auc:0.856532	eval-auc:0.845597
[22:53:27] src/tree/updater_prune.cc:74: tree pruning end, 1 roots, 30 extra nodes, 0 pruned nodes, max_depth=4
[323]	train-auc:0.8566	eval-auc:0.845674
[22:53:30] src/tree/updater_prune.cc:74: tree pruning end, 1 roots, 30 extra nodes, 0 pruned nodes, max_depth=4
[324]	train-auc:0.856657	eval-auc:0.845716
[22:53:33] src/tree/updater_prune.cc:74: tree pruning end, 1 roots, 30 extra nodes, 0 pruned nodes, max_depth=4
[325]	train-auc:0.856697	eval-auc:0.84576
[22:53:37] src/tree/updater_prune.cc:74: tree pruning end, 1 roots, 30 extra nodes, 0 pruned nodes, max_depth=4
[326]	train-auc:0.856766	eval-auc:0.845825
[22:53:40] src/tree/updater_prune.cc:74: tree pruning end, 1 roots, 30 extra nodes, 0 pruned nodes, max_depth=4
[327]	train-auc:0.856828	eval-auc:0.845872
[22:53:43] src/tree/updater_prune.cc:74: tree pruning end, 1 roots, 30 extra nodes, 0 pruned nodes, max_depth=4
[328]	train-auc:0.856888	eval-auc:0.84592
[22:53:46] src/tree/updater_prune.cc:74: tree pruning end, 1 roots, 30 extra nodes, 0 pruned nodes, max_depth=4
[329]	train-auc:0.856932	eval-auc:0.845957
[22:53:49] src/tree/updater_prune.cc:74: tree pruning end, 1 roots, 30 extra nodes, 0 pruned nodes, max_depth=4
[330]	train-auc:0.857005	eval-auc:0.846035
[22:53:53] src/tree/updater_prune.cc:74: tree pruning end, 1 roots, 30 extra nodes, 0 pruned nodes, max_depth=4
[331]	train-auc:0.857066	eval-auc:0.846093
[22:53:56] src/tree/updater_prune.cc:74: tree pruning end, 1 roots, 30 extra nodes, 0 pruned nodes, max_depth=4
[332]	train-auc:0.857123	eval-auc:0.846156
[22:53:59] src/tree/updater_prune.cc:74: tree pruning end, 1 roots, 30 extra nodes, 0 pruned nodes, max_depth=4
[333]	train-auc:0.85719	eval-auc:0.846206
[22:54:02] src/tree/updater_prune.cc:74: tree pruning end, 1 roots, 30 extra nodes, 0 pruned nodes, max_depth=4
[334]	train-auc:0.857244	eval-auc:0.846257
[22:54:05] src/tree/updater_prune.cc:74: tree pruning end, 1 roots, 30 extra nodes, 0 pruned nodes, max_depth=4
[335]	train-auc:0.857313	eval-auc:0.846317
[22:54:09] src/tree/updater_prune.cc:74: tree pruning end, 1 roots, 30 extra nodes, 0 pruned nodes, max_depth=4
[336]	train-auc:0.857366	eval-auc:0.84637
[22:54:12] src/tree/updater_prune.cc:74: tree pruning end, 1 roots, 30 extra nodes, 0 pruned nodes, max_depth=4
[337]	train-auc:0.857435	eval-auc:0.846432
[22:54:15] src/tree/updater_prune.cc:74: tree pruning end, 1 roots, 30 extra nodes, 0 pruned nodes, max_depth=4
[338]	train-auc:0.857494	eval-auc:0.846489
[22:54:18] src/tree/updater_prune.cc:74: tree pruning end, 1 roots, 30 extra nodes, 0 pruned nodes, max_depth=4
[339]	train-auc:0.857544	eval-auc:0.846538
[22:54:21] src/tree/updater_prune.cc:74: tree pruning end, 1 roots, 30 extra nodes, 0 pruned nodes, max_depth=4
[340]	train-auc:0.857638	eval-auc:0.846625
[22:54:25] src/tree/updater_prune.cc:74: tree pruning end, 1 roots, 30 extra nodes, 0 pruned nodes, max_depth=4
[341]	train-auc:0.857697	eval-auc:0.846688
[22:54:28] src/tree/updater_prune.cc:74: tree pruning end, 1 roots, 30 extra nodes, 0 pruned nodes, max_depth=4
[342]	train-auc:0.857758	eval-auc:0.846735
[22:54:31] src/tree/updater_prune.cc:74: tree pruning end, 1 roots, 30 extra nodes, 0 pruned nodes, max_depth=4
[343]	train-auc:0.857815	eval-auc:0.846791
[22:54:34] src/tree/updater_prune.cc:74: tree pruning end, 1 roots, 30 extra nodes, 0 pruned nodes, max_depth=4
[344]	train-auc:0.857866	eval-auc:0.84684
[22:54:37] src/tree/updater_prune.cc:74: tree pruning end, 1 roots, 30 extra nodes, 0 pruned nodes, max_depth=4
[345]	train-auc:0.857927	eval-auc:0.846893
[22:54:40] src/tree/updater_prune.cc:74: tree pruning end, 1 roots, 30 extra nodes, 0 pruned nodes, max_depth=4
[346]	train-auc:0.857996	eval-auc:0.846965
[22:54:44] src/tree/updater_prune.cc:74: tree pruning end, 1 roots, 30 extra nodes, 0 pruned nodes, max_depth=4
[347]	train-auc:0.858057	eval-auc:0.847024
[22:54:47] src/tree/updater_prune.cc:74: tree pruning end, 1 roots, 30 extra nodes, 0 pruned nodes, max_depth=4
[348]	train-auc:0.858101	eval-auc:0.847071
[22:54:50] src/tree/updater_prune.cc:74: tree pruning end, 1 roots, 30 extra nodes, 0 pruned nodes, max_depth=4
[349]	train-auc:0.858195	eval-auc:0.847156
[22:54:53] src/tree/updater_prune.cc:74: tree pruning end, 1 roots, 30 extra nodes, 0 pruned nodes, max_depth=4
[350]	train-auc:0.858242	eval-auc:0.847199
[22:54:56] src/tree/updater_prune.cc:74: tree pruning end, 1 roots, 30 extra nodes, 0 pruned nodes, max_depth=4
[351]	train-auc:0.858305	eval-auc:0.847257
[22:55:00] src/tree/updater_prune.cc:74: tree pruning end, 1 roots, 30 extra nodes, 0 pruned nodes, max_depth=4
[352]	train-auc:0.85837	eval-auc:0.847301
[22:55:03] src/tree/updater_prune.cc:74: tree pruning end, 1 roots, 30 extra nodes, 0 pruned nodes, max_depth=4
[353]	train-auc:0.858426	eval-auc:0.84735
[22:55:06] src/tree/updater_prune.cc:74: tree pruning end, 1 roots, 30 extra nodes, 0 pruned nodes, max_depth=4
[354]	train-auc:0.858516	eval-auc:0.847429
[22:55:09] src/tree/updater_prune.cc:74: tree pruning end, 1 roots, 30 extra nodes, 0 pruned nodes, max_depth=4
[355]	train-auc:0.85857	eval-auc:0.847479
[22:55:12] src/tree/updater_prune.cc:74: tree pruning end, 1 roots, 30 extra nodes, 0 pruned nodes, max_depth=4
[356]	train-auc:0.85862	eval-auc:0.847521
[22:55:16] src/tree/updater_prune.cc:74: tree pruning end, 1 roots, 30 extra nodes, 0 pruned nodes, max_depth=4
[357]	train-auc:0.858685	eval-auc:0.847591
[22:55:19] src/tree/updater_prune.cc:74: tree pruning end, 1 roots, 30 extra nodes, 0 pruned nodes, max_depth=4
[358]	train-auc:0.85877	eval-auc:0.847662
[22:55:22] src/tree/updater_prune.cc:74: tree pruning end, 1 roots, 30 extra nodes, 0 pruned nodes, max_depth=4
[359]	train-auc:0.858827	eval-auc:0.847706
[22:55:25] src/tree/updater_prune.cc:74: tree pruning end, 1 roots, 30 extra nodes, 0 pruned nodes, max_depth=4
[360]	train-auc:0.858876	eval-auc:0.847747
[22:55:28] src/tree/updater_prune.cc:74: tree pruning end, 1 roots, 30 extra nodes, 0 pruned nodes, max_depth=4
[361]	train-auc:0.858938	eval-auc:0.847807
[22:55:32] src/tree/updater_prune.cc:74: tree pruning end, 1 roots, 30 extra nodes, 0 pruned nodes, max_depth=4
[362]	train-auc:0.858991	eval-auc:0.847866
[22:55:35] src/tree/updater_prune.cc:74: tree pruning end, 1 roots, 30 extra nodes, 0 pruned nodes, max_depth=4
[363]	train-auc:0.859045	eval-auc:0.847914
[22:55:38] src/tree/updater_prune.cc:74: tree pruning end, 1 roots, 30 extra nodes, 0 pruned nodes, max_depth=4
[364]	train-auc:0.859105	eval-auc:0.847966
[22:55:41] src/tree/updater_prune.cc:74: tree pruning end, 1 roots, 30 extra nodes, 0 pruned nodes, max_depth=4
[365]	train-auc:0.859174	eval-auc:0.848032
[22:55:44] src/tree/updater_prune.cc:74: tree pruning end, 1 roots, 30 extra nodes, 0 pruned nodes, max_depth=4
[366]	train-auc:0.85922	eval-auc:0.848075
[22:55:48] src/tree/updater_prune.cc:74: tree pruning end, 1 roots, 30 extra nodes, 0 pruned nodes, max_depth=4
[367]	train-auc:0.859282	eval-auc:0.848133
[22:55:51] src/tree/updater_prune.cc:74: tree pruning end, 1 roots, 30 extra nodes, 0 pruned nodes, max_depth=4
[368]	train-auc:0.859368	eval-auc:0.848213
[22:55:54] src/tree/updater_prune.cc:74: tree pruning end, 1 roots, 30 extra nodes, 0 pruned nodes, max_depth=4
[369]	train-auc:0.859418	eval-auc:0.848255
[22:55:57] src/tree/updater_prune.cc:74: tree pruning end, 1 roots, 30 extra nodes, 0 pruned nodes, max_depth=4
[370]	train-auc:0.859468	eval-auc:0.8483
[22:56:00] src/tree/updater_prune.cc:74: tree pruning end, 1 roots, 30 extra nodes, 0 pruned nodes, max_depth=4
[371]	train-auc:0.859513	eval-auc:0.848343
[22:56:03] src/tree/updater_prune.cc:74: tree pruning end, 1 roots, 30 extra nodes, 0 pruned nodes, max_depth=4
[372]	train-auc:0.859574	eval-auc:0.848403
[22:56:07] src/tree/updater_prune.cc:74: tree pruning end, 1 roots, 30 extra nodes, 0 pruned nodes, max_depth=4
[373]	train-auc:0.859624	eval-auc:0.848444
[22:56:10] src/tree/updater_prune.cc:74: tree pruning end, 1 roots, 30 extra nodes, 0 pruned nodes, max_depth=4
[374]	train-auc:0.859654	eval-auc:0.848462
[22:56:13] src/tree/updater_prune.cc:74: tree pruning end, 1 roots, 30 extra nodes, 0 pruned nodes, max_depth=4
[375]	train-auc:0.859705	eval-auc:0.848512
[22:56:16] src/tree/updater_prune.cc:74: tree pruning end, 1 roots, 30 extra nodes, 0 pruned nodes, max_depth=4
[376]	train-auc:0.859757	eval-auc:0.848574
[22:56:19] src/tree/updater_prune.cc:74: tree pruning end, 1 roots, 30 extra nodes, 0 pruned nodes, max_depth=4
[377]	train-auc:0.859814	eval-auc:0.848629
[22:56:23] src/tree/updater_prune.cc:74: tree pruning end, 1 roots, 30 extra nodes, 0 pruned nodes, max_depth=4
[378]	train-auc:0.859894	eval-auc:0.848702
[22:56:26] src/tree/updater_prune.cc:74: tree pruning end, 1 roots, 30 extra nodes, 0 pruned nodes, max_depth=4
[379]	train-auc:0.859968	eval-auc:0.848768
[22:56:29] src/tree/updater_prune.cc:74: tree pruning end, 1 roots, 30 extra nodes, 0 pruned nodes, max_depth=4
[380]	train-auc:0.860047	eval-auc:0.848862
[22:56:32] src/tree/updater_prune.cc:74: tree pruning end, 1 roots, 30 extra nodes, 0 pruned nodes, max_depth=4
[381]	train-auc:0.860081	eval-auc:0.848884
[22:56:35] src/tree/updater_prune.cc:74: tree pruning end, 1 roots, 30 extra nodes, 0 pruned nodes, max_depth=4
[382]	train-auc:0.860129	eval-auc:0.848931
[22:56:39] src/tree/updater_prune.cc:74: tree pruning end, 1 roots, 30 extra nodes, 0 pruned nodes, max_depth=4
[383]	train-auc:0.860182	eval-auc:0.848986
[22:56:42] src/tree/updater_prune.cc:74: tree pruning end, 1 roots, 30 extra nodes, 0 pruned nodes, max_depth=4
[384]	train-auc:0.860229	eval-auc:0.849019
[22:56:45] src/tree/updater_prune.cc:74: tree pruning end, 1 roots, 30 extra nodes, 0 pruned nodes, max_depth=4
[385]	train-auc:0.860305	eval-auc:0.849092
[22:56:48] src/tree/updater_prune.cc:74: tree pruning end, 1 roots, 30 extra nodes, 0 pruned nodes, max_depth=4
[386]	train-auc:0.86039	eval-auc:0.849163
[22:56:51] src/tree/updater_prune.cc:74: tree pruning end, 1 roots, 30 extra nodes, 0 pruned nodes, max_depth=4
[387]	train-auc:0.860471	eval-auc:0.849247
[22:56:54] src/tree/updater_prune.cc:74: tree pruning end, 1 roots, 30 extra nodes, 0 pruned nodes, max_depth=4
[388]	train-auc:0.86052	eval-auc:0.849291
[22:56:58] src/tree/updater_prune.cc:74: tree pruning end, 1 roots, 30 extra nodes, 0 pruned nodes, max_depth=4
[389]	train-auc:0.860594	eval-auc:0.849365
[22:57:01] src/tree/updater_prune.cc:74: tree pruning end, 1 roots, 30 extra nodes, 0 pruned nodes, max_depth=4
[390]	train-auc:0.860638	eval-auc:0.849409
[22:57:04] src/tree/updater_prune.cc:74: tree pruning end, 1 roots, 30 extra nodes, 0 pruned nodes, max_depth=4
[391]	train-auc:0.86071	eval-auc:0.849489
[22:57:07] src/tree/updater_prune.cc:74: tree pruning end, 1 roots, 30 extra nodes, 0 pruned nodes, max_depth=4
[392]	train-auc:0.860754	eval-auc:0.849524
[22:57:10] src/tree/updater_prune.cc:74: tree pruning end, 1 roots, 30 extra nodes, 0 pruned nodes, max_depth=4
[393]	train-auc:0.860827	eval-auc:0.849592
[22:57:14] src/tree/updater_prune.cc:74: tree pruning end, 1 roots, 30 extra nodes, 0 pruned nodes, max_depth=4
[394]	train-auc:0.860898	eval-auc:0.849655
[22:57:17] src/tree/updater_prune.cc:74: tree pruning end, 1 roots, 30 extra nodes, 0 pruned nodes, max_depth=4
[395]	train-auc:0.860941	eval-auc:0.849695
[22:57:20] src/tree/updater_prune.cc:74: tree pruning end, 1 roots, 30 extra nodes, 0 pruned nodes, max_depth=4
[396]	train-auc:0.860988	eval-auc:0.849734
[22:57:23] src/tree/updater_prune.cc:74: tree pruning end, 1 roots, 30 extra nodes, 0 pruned nodes, max_depth=4
[397]	train-auc:0.861047	eval-auc:0.849799
[22:57:26] src/tree/updater_prune.cc:74: tree pruning end, 1 roots, 30 extra nodes, 0 pruned nodes, max_depth=4
[398]	train-auc:0.861114	eval-auc:0.849856
[22:57:30] src/tree/updater_prune.cc:74: tree pruning end, 1 roots, 30 extra nodes, 0 pruned nodes, max_depth=4
[399]	train-auc:0.861162	eval-auc:0.849899
[22:57:33] src/tree/updater_prune.cc:74: tree pruning end, 1 roots, 30 extra nodes, 0 pruned nodes, max_depth=4
[400]	train-auc:0.861231	eval-auc:0.849968
[22:57:36] src/tree/updater_prune.cc:74: tree pruning end, 1 roots, 30 extra nodes, 0 pruned nodes, max_depth=4
[401]	train-auc:0.861308	eval-auc:0.850037
[22:57:39] src/tree/updater_prune.cc:74: tree pruning end, 1 roots, 30 extra nodes, 0 pruned nodes, max_depth=4
[402]	train-auc:0.861368	eval-auc:0.850092
[22:57:42] src/tree/updater_prune.cc:74: tree pruning end, 1 roots, 30 extra nodes, 0 pruned nodes, max_depth=4
[403]	train-auc:0.861401	eval-auc:0.850114
[22:57:46] src/tree/updater_prune.cc:74: tree pruning end, 1 roots, 30 extra nodes, 0 pruned nodes, max_depth=4
[404]	train-auc:0.861447	eval-auc:0.850151
[22:57:49] src/tree/updater_prune.cc:74: tree pruning end, 1 roots, 30 extra nodes, 0 pruned nodes, max_depth=4
[405]	train-auc:0.861515	eval-auc:0.850215
[22:57:52] src/tree/updater_prune.cc:74: tree pruning end, 1 roots, 30 extra nodes, 0 pruned nodes, max_depth=4
[406]	train-auc:0.861578	eval-auc:0.850265
[22:57:55] src/tree/updater_prune.cc:74: tree pruning end, 1 roots, 30 extra nodes, 0 pruned nodes, max_depth=4
[407]	train-auc:0.861646	eval-auc:0.850338
[22:57:58] src/tree/updater_prune.cc:74: tree pruning end, 1 roots, 30 extra nodes, 0 pruned nodes, max_depth=4
[408]	train-auc:0.861672	eval-auc:0.850357
[22:58:02] src/tree/updater_prune.cc:74: tree pruning end, 1 roots, 30 extra nodes, 0 pruned nodes, max_depth=4
[409]	train-auc:0.861746	eval-auc:0.850426
[22:58:05] src/tree/updater_prune.cc:74: tree pruning end, 1 roots, 30 extra nodes, 0 pruned nodes, max_depth=4
[410]	train-auc:0.86179	eval-auc:0.850459
[22:58:08] src/tree/updater_prune.cc:74: tree pruning end, 1 roots, 30 extra nodes, 0 pruned nodes, max_depth=4
[411]	train-auc:0.861851	eval-auc:0.850508
[22:58:11] src/tree/updater_prune.cc:74: tree pruning end, 1 roots, 30 extra nodes, 0 pruned nodes, max_depth=4
[412]	train-auc:0.861906	eval-auc:0.850552
[22:58:14] src/tree/updater_prune.cc:74: tree pruning end, 1 roots, 30 extra nodes, 0 pruned nodes, max_depth=4
[413]	train-auc:0.861942	eval-auc:0.850583
[22:58:18] src/tree/updater_prune.cc:74: tree pruning end, 1 roots, 30 extra nodes, 0 pruned nodes, max_depth=4
[414]	train-auc:0.861995	eval-auc:0.85064
[22:58:21] src/tree/updater_prune.cc:74: tree pruning end, 1 roots, 30 extra nodes, 0 pruned nodes, max_depth=4
[415]	train-auc:0.862058	eval-auc:0.850706
[22:58:24] src/tree/updater_prune.cc:74: tree pruning end, 1 roots, 30 extra nodes, 0 pruned nodes, max_depth=4
[416]	train-auc:0.862119	eval-auc:0.850748
[22:58:27] src/tree/updater_prune.cc:74: tree pruning end, 1 roots, 30 extra nodes, 0 pruned nodes, max_depth=4
[417]	train-auc:0.862164	eval-auc:0.850795
[22:58:30] src/tree/updater_prune.cc:74: tree pruning end, 1 roots, 30 extra nodes, 0 pruned nodes, max_depth=4
[418]	train-auc:0.862222	eval-auc:0.850843
[22:58:33] src/tree/updater_prune.cc:74: tree pruning end, 1 roots, 30 extra nodes, 0 pruned nodes, max_depth=4
[419]	train-auc:0.862298	eval-auc:0.850907
[22:58:37] src/tree/updater_prune.cc:74: tree pruning end, 1 roots, 30 extra nodes, 0 pruned nodes, max_depth=4
[420]	train-auc:0.862358	eval-auc:0.850965
[22:58:40] src/tree/updater_prune.cc:74: tree pruning end, 1 roots, 30 extra nodes, 0 pruned nodes, max_depth=4
[421]	train-auc:0.862401	eval-auc:0.851001
[22:58:43] src/tree/updater_prune.cc:74: tree pruning end, 1 roots, 30 extra nodes, 0 pruned nodes, max_depth=4
[422]	train-auc:0.862453	eval-auc:0.851038
[22:58:46] src/tree/updater_prune.cc:74: tree pruning end, 1 roots, 30 extra nodes, 0 pruned nodes, max_depth=4
[423]	train-auc:0.862493	eval-auc:0.851072
[22:58:49] src/tree/updater_prune.cc:74: tree pruning end, 1 roots, 30 extra nodes, 0 pruned nodes, max_depth=4
[424]	train-auc:0.862552	eval-auc:0.851117
[22:58:53] src/tree/updater_prune.cc:74: tree pruning end, 1 roots, 30 extra nodes, 0 pruned nodes, max_depth=4
[425]	train-auc:0.862602	eval-auc:0.851173
[22:58:56] src/tree/updater_prune.cc:74: tree pruning end, 1 roots, 30 extra nodes, 0 pruned nodes, max_depth=4
[426]	train-auc:0.862646	eval-auc:0.851215
[22:58:59] src/tree/updater_prune.cc:74: tree pruning end, 1 roots, 30 extra nodes, 0 pruned nodes, max_depth=4
[427]	train-auc:0.862711	eval-auc:0.851284
[22:59:02] src/tree/updater_prune.cc:74: tree pruning end, 1 roots, 30 extra nodes, 0 pruned nodes, max_depth=4
[428]	train-auc:0.862757	eval-auc:0.851328
[22:59:05] src/tree/updater_prune.cc:74: tree pruning end, 1 roots, 30 extra nodes, 0 pruned nodes, max_depth=4
[429]	train-auc:0.862816	eval-auc:0.85137
[22:59:08] src/tree/updater_prune.cc:74: tree pruning end, 1 roots, 30 extra nodes, 0 pruned nodes, max_depth=4
[430]	train-auc:0.862858	eval-auc:0.851413
[22:59:12] src/tree/updater_prune.cc:74: tree pruning end, 1 roots, 30 extra nodes, 0 pruned nodes, max_depth=4
[431]	train-auc:0.862918	eval-auc:0.85147
[22:59:15] src/tree/updater_prune.cc:74: tree pruning end, 1 roots, 30 extra nodes, 0 pruned nodes, max_depth=4
[432]	train-auc:0.862976	eval-auc:0.851527
[22:59:18] src/tree/updater_prune.cc:74: tree pruning end, 1 roots, 30 extra nodes, 0 pruned nodes, max_depth=4
[433]	train-auc:0.863017	eval-auc:0.851557
[22:59:21] src/tree/updater_prune.cc:74: tree pruning end, 1 roots, 30 extra nodes, 0 pruned nodes, max_depth=4
[434]	train-auc:0.863078	eval-auc:0.851614
[22:59:24] src/tree/updater_prune.cc:74: tree pruning end, 1 roots, 30 extra nodes, 0 pruned nodes, max_depth=4
[435]	train-auc:0.863126	eval-auc:0.851653
[22:59:28] src/tree/updater_prune.cc:74: tree pruning end, 1 roots, 30 extra nodes, 0 pruned nodes, max_depth=4
[436]	train-auc:0.863164	eval-auc:0.85169
[22:59:31] src/tree/updater_prune.cc:74: tree pruning end, 1 roots, 30 extra nodes, 0 pruned nodes, max_depth=4
[437]	train-auc:0.863207	eval-auc:0.851732
[22:59:34] src/tree/updater_prune.cc:74: tree pruning end, 1 roots, 30 extra nodes, 0 pruned nodes, max_depth=4
[438]	train-auc:0.863247	eval-auc:0.851774
[22:59:37] src/tree/updater_prune.cc:74: tree pruning end, 1 roots, 30 extra nodes, 0 pruned nodes, max_depth=4
[439]	train-auc:0.863302	eval-auc:0.851811
[22:59:40] src/tree/updater_prune.cc:74: tree pruning end, 1 roots, 30 extra nodes, 0 pruned nodes, max_depth=4
[440]	train-auc:0.863359	eval-auc:0.851855
[22:59:43] src/tree/updater_prune.cc:74: tree pruning end, 1 roots, 30 extra nodes, 0 pruned nodes, max_depth=4
[441]	train-auc:0.863415	eval-auc:0.851898
[22:59:47] src/tree/updater_prune.cc:74: tree pruning end, 1 roots, 30 extra nodes, 0 pruned nodes, max_depth=4
[442]	train-auc:0.863447	eval-auc:0.851931
[22:59:50] src/tree/updater_prune.cc:74: tree pruning end, 1 roots, 30 extra nodes, 0 pruned nodes, max_depth=4
[443]	train-auc:0.863511	eval-auc:0.851985
[22:59:53] src/tree/updater_prune.cc:74: tree pruning end, 1 roots, 30 extra nodes, 0 pruned nodes, max_depth=4
[444]	train-auc:0.863556	eval-auc:0.85202
[22:59:56] src/tree/updater_prune.cc:74: tree pruning end, 1 roots, 30 extra nodes, 0 pruned nodes, max_depth=4
[445]	train-auc:0.863598	eval-auc:0.852055
[22:59:59] src/tree/updater_prune.cc:74: tree pruning end, 1 roots, 30 extra nodes, 0 pruned nodes, max_depth=4
[446]	train-auc:0.863644	eval-auc:0.852105
[23:00:03] src/tree/updater_prune.cc:74: tree pruning end, 1 roots, 30 extra nodes, 0 pruned nodes, max_depth=4
[447]	train-auc:0.863703	eval-auc:0.852149
[23:00:06] src/tree/updater_prune.cc:74: tree pruning end, 1 roots, 30 extra nodes, 0 pruned nodes, max_depth=4
[448]	train-auc:0.86376	eval-auc:0.852208
[23:00:09] src/tree/updater_prune.cc:74: tree pruning end, 1 roots, 30 extra nodes, 0 pruned nodes, max_depth=4
[449]	train-auc:0.863802	eval-auc:0.852237
[23:00:12] src/tree/updater_prune.cc:74: tree pruning end, 1 roots, 30 extra nodes, 0 pruned nodes, max_depth=4
[450]	train-auc:0.863838	eval-auc:0.852276
[23:00:15] src/tree/updater_prune.cc:74: tree pruning end, 1 roots, 30 extra nodes, 0 pruned nodes, max_depth=4
[451]	train-auc:0.86389	eval-auc:0.852313
[23:00:18] src/tree/updater_prune.cc:74: tree pruning end, 1 roots, 30 extra nodes, 0 pruned nodes, max_depth=4
[452]	train-auc:0.863926	eval-auc:0.852345
[23:00:22] src/tree/updater_prune.cc:74: tree pruning end, 1 roots, 30 extra nodes, 0 pruned nodes, max_depth=4
[453]	train-auc:0.863959	eval-auc:0.852363
[23:00:25] src/tree/updater_prune.cc:74: tree pruning end, 1 roots, 30 extra nodes, 0 pruned nodes, max_depth=4
[454]	train-auc:0.86401	eval-auc:0.852406
[23:00:28] src/tree/updater_prune.cc:74: tree pruning end, 1 roots, 30 extra nodes, 0 pruned nodes, max_depth=4
[455]	train-auc:0.864057	eval-auc:0.852448
[23:00:31] src/tree/updater_prune.cc:74: tree pruning end, 1 roots, 30 extra nodes, 0 pruned nodes, max_depth=4
[456]	train-auc:0.8641	eval-auc:0.852472
[23:00:34] src/tree/updater_prune.cc:74: tree pruning end, 1 roots, 30 extra nodes, 0 pruned nodes, max_depth=4
[457]	train-auc:0.864161	eval-auc:0.852524
[23:00:37] src/tree/updater_prune.cc:74: tree pruning end, 1 roots, 30 extra nodes, 0 pruned nodes, max_depth=4
[458]	train-auc:0.864207	eval-auc:0.852563
[23:00:41] src/tree/updater_prune.cc:74: tree pruning end, 1 roots, 30 extra nodes, 0 pruned nodes, max_depth=4
[459]	train-auc:0.864253	eval-auc:0.852612
[23:00:44] src/tree/updater_prune.cc:74: tree pruning end, 1 roots, 30 extra nodes, 0 pruned nodes, max_depth=4
[460]	train-auc:0.864289	eval-auc:0.852646
[23:00:47] src/tree/updater_prune.cc:74: tree pruning end, 1 roots, 30 extra nodes, 0 pruned nodes, max_depth=4
[461]	train-auc:0.864322	eval-auc:0.852675
[23:00:50] src/tree/updater_prune.cc:74: tree pruning end, 1 roots, 30 extra nodes, 0 pruned nodes, max_depth=4
[462]	train-auc:0.864376	eval-auc:0.85273
[23:00:53] src/tree/updater_prune.cc:74: tree pruning end, 1 roots, 30 extra nodes, 0 pruned nodes, max_depth=4
[463]	train-auc:0.864416	eval-auc:0.852756
[23:00:56] src/tree/updater_prune.cc:74: tree pruning end, 1 roots, 30 extra nodes, 0 pruned nodes, max_depth=4
[464]	train-auc:0.864474	eval-auc:0.852798
[23:01:00] src/tree/updater_prune.cc:74: tree pruning end, 1 roots, 30 extra nodes, 0 pruned nodes, max_depth=4
[465]	train-auc:0.864528	eval-auc:0.85284
[23:01:03] src/tree/updater_prune.cc:74: tree pruning end, 1 roots, 30 extra nodes, 0 pruned nodes, max_depth=4
[466]	train-auc:0.864573	eval-auc:0.852878
[23:01:06] src/tree/updater_prune.cc:74: tree pruning end, 1 roots, 30 extra nodes, 0 pruned nodes, max_depth=4
[467]	train-auc:0.864601	eval-auc:0.852899
[23:01:09] src/tree/updater_prune.cc:74: tree pruning end, 1 roots, 30 extra nodes, 0 pruned nodes, max_depth=4
[468]	train-auc:0.864652	eval-auc:0.852948
[23:01:12] src/tree/updater_prune.cc:74: tree pruning end, 1 roots, 30 extra nodes, 0 pruned nodes, max_depth=4
[469]	train-auc:0.864706	eval-auc:0.852992
[23:01:16] src/tree/updater_prune.cc:74: tree pruning end, 1 roots, 30 extra nodes, 0 pruned nodes, max_depth=4
[470]	train-auc:0.864749	eval-auc:0.853022
[23:01:19] src/tree/updater_prune.cc:74: tree pruning end, 1 roots, 30 extra nodes, 0 pruned nodes, max_depth=4
[471]	train-auc:0.864787	eval-auc:0.853049
[23:01:22] src/tree/updater_prune.cc:74: tree pruning end, 1 roots, 30 extra nodes, 0 pruned nodes, max_depth=4
[472]	train-auc:0.864848	eval-auc:0.853095
[23:01:25] src/tree/updater_prune.cc:74: tree pruning end, 1 roots, 30 extra nodes, 0 pruned nodes, max_depth=4
[473]	train-auc:0.86489	eval-auc:0.853138
[23:01:28] src/tree/updater_prune.cc:74: tree pruning end, 1 roots, 30 extra nodes, 0 pruned nodes, max_depth=4
[474]	train-auc:0.864927	eval-auc:0.853167
[23:01:32] src/tree/updater_prune.cc:74: tree pruning end, 1 roots, 30 extra nodes, 0 pruned nodes, max_depth=4
[475]	train-auc:0.864982	eval-auc:0.853214
[23:01:35] src/tree/updater_prune.cc:74: tree pruning end, 1 roots, 30 extra nodes, 0 pruned nodes, max_depth=4
[476]	train-auc:0.865022	eval-auc:0.853242
[23:01:38] src/tree/updater_prune.cc:74: tree pruning end, 1 roots, 30 extra nodes, 0 pruned nodes, max_depth=4
[477]	train-auc:0.865075	eval-auc:0.853286
[23:01:41] src/tree/updater_prune.cc:74: tree pruning end, 1 roots, 30 extra nodes, 0 pruned nodes, max_depth=4
[478]	train-auc:0.865112	eval-auc:0.853314
[23:01:44] src/tree/updater_prune.cc:74: tree pruning end, 1 roots, 30 extra nodes, 0 pruned nodes, max_depth=4
[479]	train-auc:0.86516	eval-auc:0.853357
[23:01:48] src/tree/updater_prune.cc:74: tree pruning end, 1 roots, 30 extra nodes, 0 pruned nodes, max_depth=4
[480]	train-auc:0.865201	eval-auc:0.853381
[23:01:51] src/tree/updater_prune.cc:74: tree pruning end, 1 roots, 30 extra nodes, 0 pruned nodes, max_depth=4
[481]	train-auc:0.865258	eval-auc:0.853427
[23:01:54] src/tree/updater_prune.cc:74: tree pruning end, 1 roots, 30 extra nodes, 0 pruned nodes, max_depth=4
[482]	train-auc:0.865308	eval-auc:0.853467
[23:01:57] src/tree/updater_prune.cc:74: tree pruning end, 1 roots, 30 extra nodes, 0 pruned nodes, max_depth=4
[483]	train-auc:0.865352	eval-auc:0.853508
[23:02:00] src/tree/updater_prune.cc:74: tree pruning end, 1 roots, 30 extra nodes, 0 pruned nodes, max_depth=4
[484]	train-auc:0.865395	eval-auc:0.853545
[23:02:04] src/tree/updater_prune.cc:74: tree pruning end, 1 roots, 30 extra nodes, 0 pruned nodes, max_depth=4
[485]	train-auc:0.865437	eval-auc:0.853572
[23:02:07] src/tree/updater_prune.cc:74: tree pruning end, 1 roots, 30 extra nodes, 0 pruned nodes, max_depth=4
[486]	train-auc:0.865465	eval-auc:0.85359
[23:02:10] src/tree/updater_prune.cc:74: tree pruning end, 1 roots, 30 extra nodes, 0 pruned nodes, max_depth=4
[487]	train-auc:0.865515	eval-auc:0.853638
[23:02:13] src/tree/updater_prune.cc:74: tree pruning end, 1 roots, 30 extra nodes, 0 pruned nodes, max_depth=4
[488]	train-auc:0.865557	eval-auc:0.853667
[23:02:16] src/tree/updater_prune.cc:74: tree pruning end, 1 roots, 28 extra nodes, 0 pruned nodes, max_depth=4
[489]	train-auc:0.865574	eval-auc:0.853679
[23:02:19] src/tree/updater_prune.cc:74: tree pruning end, 1 roots, 30 extra nodes, 0 pruned nodes, max_depth=4
[490]	train-auc:0.865623	eval-auc:0.853718
[23:02:23] src/tree/updater_prune.cc:74: tree pruning end, 1 roots, 30 extra nodes, 0 pruned nodes, max_depth=4
[491]	train-auc:0.86566	eval-auc:0.85374
[23:02:26] src/tree/updater_prune.cc:74: tree pruning end, 1 roots, 30 extra nodes, 0 pruned nodes, max_depth=4
[492]	train-auc:0.865705	eval-auc:0.853769
[23:02:29] src/tree/updater_prune.cc:74: tree pruning end, 1 roots, 30 extra nodes, 0 pruned nodes, max_depth=4
[493]	train-auc:0.865754	eval-auc:0.853817
[23:02:32] src/tree/updater_prune.cc:74: tree pruning end, 1 roots, 30 extra nodes, 0 pruned nodes, max_depth=4
[494]	train-auc:0.865799	eval-auc:0.853844
[23:02:35] src/tree/updater_prune.cc:74: tree pruning end, 1 roots, 30 extra nodes, 0 pruned nodes, max_depth=4
[495]	train-auc:0.86585	eval-auc:0.853891
[23:02:39] src/tree/updater_prune.cc:74: tree pruning end, 1 roots, 30 extra nodes, 0 pruned nodes, max_depth=4
[496]	train-auc:0.865897	eval-auc:0.853935
[23:02:42] src/tree/updater_prune.cc:74: tree pruning end, 1 roots, 30 extra nodes, 0 pruned nodes, max_depth=4
[497]	train-auc:0.865924	eval-auc:0.853951
[23:02:45] src/tree/updater_prune.cc:74: tree pruning end, 1 roots, 30 extra nodes, 0 pruned nodes, max_depth=4
[498]	train-auc:0.86596	eval-auc:0.853978
[23:02:48] src/tree/updater_prune.cc:74: tree pruning end, 1 roots, 30 extra nodes, 0 pruned nodes, max_depth=4
[499]	train-auc:0.866	eval-auc:0.854005
=== Finish ===
